{"/Users/saimateovargas/Library/CloudStorage/OneDrive-Personal/Mateo Vargas/Proyectos/GARDEN/garden-mvp/garden-api/src/app.ts": {"path":"/Users/saimateovargas/Library/CloudStorage/OneDrive-Personal/Mateo Vargas/Proyectos/GARDEN/garden-mvp/garden-api/src/app.ts","statementMap":{"0":{"start":{"line":1,"column":0},"end":{"line":1,"column":30}},"1":{"start":{"line":2,"column":0},"end":{"line":2,"column":24}},"2":{"start":{"line":3,"column":0},"end":{"line":3,"column":28}},"3":{"start":{"line":4,"column":0},"end":{"line":4,"column":38}},"4":{"start":{"line":5,"column":0},"end":{"line":5,"column":57}},"5":{"start":{"line":6,"column":0},"end":{"line":6,"column":78}},"6":{"start":{"line":7,"column":0},"end":{"line":7,"column":63}},"7":{"start":{"line":8,"column":0},"end":{"line":8,"column":58}},"8":{"start":{"line":9,"column":0},"end":{"line":9,"column":114}},"9":{"start":{"line":11,"column":12},"end":{"line":11,"column":21}},"10":{"start":{"line":13,"column":0},"end":{"line":13,"column":18}},"11":{"start":{"line":14,"column":0},"end":{"line":19,"column":2}},"12":{"start":{"line":16,"column":54},"end":{"line":16,"column":62}},"13":{"start":{"line":22,"column":0},"end":{"line":30,"column":2}},"14":{"start":{"line":26,"column":5},"end":{"line":26,"column":81}},"15":{"start":{"line":27,"column":4},"end":{"line":27,"column":11}},"16":{"start":{"line":32,"column":0},"end":{"line":32,"column":40}},"17":{"start":{"line":34,"column":0},"end":{"line":36,"column":3}},"18":{"start":{"line":35,"column":2},"end":{"line":35,"column":91}},"19":{"start":{"line":38,"column":0},"end":{"line":38,"column":44}},"20":{"start":{"line":39,"column":0},"end":{"line":39,"column":34}},"21":{"start":{"line":40,"column":0},"end":{"line":40,"column":35}},"22":{"start":{"line":41,"column":0},"end":{"line":41,"column":40}},"23":{"start":{"line":43,"column":0},"end":{"line":43,"column":22}},"24":{"start":{"line":45,"column":0},"end":{"line":45,"column":19}}},"fnMap":{"0":{"name":"(anonymous_10)","decl":{"start":{"line":16,"column":47},"end":{"line":16,"column":48}},"loc":{"start":{"line":16,"column":54},"end":{"line":16,"column":62}}},"1":{"name":"(anonymous_11)","decl":{"start":{"line":25,"column":2},"end":{"line":25,"column":3}},"loc":{"start":{"line":25,"column":22},"end":{"line":28,"column":3}}},"2":{"name":"(anonymous_12)","decl":{"start":{"line":34,"column":19},"end":{"line":34,"column":20}},"loc":{"start":{"line":34,"column":33},"end":{"line":36,"column":1}}}},"branchMap":{},"s":{"0":1,"1":1,"2":1,"3":1,"4":1,"5":1,"6":1,"7":1,"8":1,"9":1,"10":1,"11":1,"12":2,"13":1,"14":0,"15":0,"16":1,"17":1,"18":1,"19":1,"20":1,"21":1,"22":1,"23":1,"24":1},"f":{"0":2,"1":0,"2":1},"b":{}}
,"/Users/saimateovargas/Library/CloudStorage/OneDrive-Personal/Mateo Vargas/Proyectos/GARDEN/garden-mvp/garden-api/src/config/cloudinary.ts": {"path":"/Users/saimateovargas/Library/CloudStorage/OneDrive-Personal/Mateo Vargas/Proyectos/GARDEN/garden-mvp/garden-api/src/config/cloudinary.ts","statementMap":{"0":{"start":{"line":1,"column":0},"end":{"line":1,"column":15}},"1":{"start":{"line":12,"column":9},"end":{"line":1,"column":46}},"2":{"start":{"line":2,"column":0},"end":{"line":2,"column":31}},"3":{"start":{"line":4,"column":0},"end":{"line":10,"column":1}},"4":{"start":{"line":5,"column":2},"end":{"line":9,"column":5}},"5":{"start":{"line":15,"column":13},"end":{"line":15,"column":53}}},"fnMap":{"0":{"name":"(anonymous_0)","decl":{"start":{"line":12,"column":9},"end":{"line":12,"column":19}},"loc":{"start":{"line":12,"column":9},"end":{"line":1,"column":46}}}},"branchMap":{"0":{"loc":{"start":{"line":4,"column":0},"end":{"line":10,"column":1}},"type":"if","locations":[{"start":{"line":4,"column":0},"end":{"line":10,"column":1}}]},"1":{"loc":{"start":{"line":4,"column":4},"end":{"line":4,"column":84}},"type":"binary-expr","locations":[{"start":{"line":4,"column":4},"end":{"line":4,"column":29}},{"start":{"line":4,"column":33},"end":{"line":4,"column":55}},{"start":{"line":4,"column":59},"end":{"line":4,"column":84}}]}},"s":{"0":1,"1":1,"2":1,"3":1,"4":0,"5":1},"f":{"0":0},"b":{"0":[0],"1":[1,0,0]}}
,"/Users/saimateovargas/Library/CloudStorage/OneDrive-Personal/Mateo Vargas/Proyectos/GARDEN/garden-mvp/garden-api/src/config/env.ts": {"path":"/Users/saimateovargas/Library/CloudStorage/OneDrive-Personal/Mateo Vargas/Proyectos/GARDEN/garden-mvp/garden-api/src/config/env.ts","statementMap":{"0":{"start":{"line":1,"column":0},"end":{"line":1,"column":24}},"1":{"start":{"line":2,"column":0},"end":{"line":2,"column":28}},"2":{"start":{"line":4,"column":0},"end":{"line":4,"column":16}},"3":{"start":{"line":6,"column":18},"end":{"line":24,"column":2}},"4":{"start":{"line":26,"column":15},"end":{"line":26,"column":47}},"5":{"start":{"line":27,"column":0},"end":{"line":30,"column":1}},"6":{"start":{"line":28,"column":2},"end":{"line":28,"column":68}},"7":{"start":{"line":29,"column":2},"end":{"line":29,"column":18}},"8":{"start":{"line":32,"column":13},"end":{"line":32,"column":31}}},"fnMap":{},"branchMap":{"0":{"loc":{"start":{"line":27,"column":0},"end":{"line":30,"column":1}},"type":"if","locations":[{"start":{"line":27,"column":0},"end":{"line":30,"column":1}}]}},"s":{"0":2,"1":2,"2":2,"3":2,"4":2,"5":2,"6":0,"7":0,"8":2},"f":{},"b":{"0":[0]}}
,"/Users/saimateovargas/Library/CloudStorage/OneDrive-Personal/Mateo Vargas/Proyectos/GARDEN/garden-mvp/garden-api/src/modules/admin/admin.routes.ts": {"path":"/Users/saimateovargas/Library/CloudStorage/OneDrive-Personal/Mateo Vargas/Proyectos/GARDEN/garden-mvp/garden-api/src/modules/admin/admin.routes.ts","statementMap":{"0":{"start":{"line":1,"column":0},"end":{"line":1,"column":33}},"1":{"start":{"line":2,"column":0},"end":{"line":2,"column":82}},"2":{"start":{"line":3,"column":0},"end":{"line":3,"column":61}},"3":{"start":{"line":4,"column":0},"end":{"line":4,"column":51}},"4":{"start":{"line":6,"column":15},"end":{"line":6,"column":23}},"5":{"start":{"line":8,"column":0},"end":{"line":8,"column":27}},"6":{"start":{"line":9,"column":0},"end":{"line":9,"column":33}},"7":{"start":{"line":11,"column":0},"end":{"line":27,"column":4}},"8":{"start":{"line":12,"column":21},"end":{"line":12,"column":63}},"9":{"start":{"line":13,"column":2},"end":{"line":26,"column":5}},"10":{"start":{"line":16,"column":41},"end":{"line":24,"column":8}},"11":{"start":{"line":29,"column":0},"end":{"line":32,"column":4}},"12":{"start":{"line":30,"column":17},"end":{"line":30,"column":78}},"13":{"start":{"line":31,"column":2},"end":{"line":31,"column":59}},"14":{"start":{"line":34,"column":0},"end":{"line":34,"column":22}}},"fnMap":{"0":{"name":"(anonymous_9)","decl":{"start":{"line":11,"column":47},"end":{"line":11,"column":52}},"loc":{"start":{"line":11,"column":67},"end":{"line":27,"column":1}}},"1":{"name":"(anonymous_10)","decl":{"start":{"line":16,"column":33},"end":{"line":16,"column":34}},"loc":{"start":{"line":16,"column":41},"end":{"line":24,"column":8}}},"2":{"name":"(anonymous_11)","decl":{"start":{"line":29,"column":52},"end":{"line":29,"column":57}},"loc":{"start":{"line":29,"column":71},"end":{"line":32,"column":1}}}},"branchMap":{"0":{"loc":{"start":{"line":23,"column":25},"end":{"line":23,"column":56}},"type":"binary-expr","locations":[{"start":{"line":23,"column":25},"end":{"line":23,"column":45}},{"start":{"line":23,"column":49},"end":{"line":23,"column":56}}]}},"s":{"0":1,"1":1,"2":1,"3":1,"4":1,"5":1,"6":1,"7":1,"8":0,"9":0,"10":0,"11":1,"12":0,"13":0,"14":1},"f":{"0":0,"1":0,"2":0},"b":{"0":[0,0]}}
,"/Users/saimateovargas/Library/CloudStorage/OneDrive-Personal/Mateo Vargas/Proyectos/GARDEN/garden-mvp/garden-api/src/modules/admin/admin.service.ts": {"path":"/Users/saimateovargas/Library/CloudStorage/OneDrive-Personal/Mateo Vargas/Proyectos/GARDEN/garden-mvp/garden-api/src/modules/admin/admin.service.ts","statementMap":{"0":{"start":{"line":5,"column":0},"end":{"line":5,"column":7}},"1":{"start":{"line":36,"column":0},"end":{"line":36,"column":7}},"2":{"start":{"line":1,"column":0},"end":{"line":1,"column":46}},"3":{"start":{"line":2,"column":0},"end":{"line":2,"column":64}},"4":{"start":{"line":3,"column":0},"end":{"line":3,"column":97}},"5":{"start":{"line":6,"column":18},"end":{"line":6,"column":90}},"6":{"start":{"line":7,"column":2},"end":{"line":7,"column":62}},"7":{"start":{"line":7,"column":16},"end":{"line":7,"column":62}},"8":{"start":{"line":9,"column":22},"end":{"line":9,"column":39}},"9":{"start":{"line":10,"column":14},"end":{"line":10,"column":24}},"10":{"start":{"line":11,"column":18},"end":{"line":20,"column":4}},"11":{"start":{"line":22,"column":2},"end":{"line":29,"column":5}},"12":{"start":{"line":31,"column":2},"end":{"line":31,"column":61}},"13":{"start":{"line":33,"column":2},"end":{"line":33,"column":72}},"14":{"start":{"line":37,"column":2},"end":{"line":43,"column":5}}},"fnMap":{"0":{"name":"toggleVerify","decl":{"start":{"line":5,"column":22},"end":{"line":5,"column":34}},"loc":{"start":{"line":5,"column":71},"end":{"line":34,"column":1}}},"1":{"name":"listPendingCaregivers","decl":{"start":{"line":36,"column":22},"end":{"line":36,"column":43}},"loc":{"start":{"line":36,"column":43},"end":{"line":44,"column":1}}}},"branchMap":{"0":{"loc":{"start":{"line":7,"column":2},"end":{"line":7,"column":62}},"type":"if","locations":[{"start":{"line":7,"column":2},"end":{"line":7,"column":62}}]},"1":{"loc":{"start":{"line":15,"column":18},"end":{"line":15,"column":42}},"type":"cond-expr","locations":[{"start":{"line":15,"column":32},"end":{"line":15,"column":35}},{"start":{"line":15,"column":38},"end":{"line":15,"column":42}}]},"2":{"loc":{"start":{"line":16,"column":18},"end":{"line":16,"column":46}},"type":"cond-expr","locations":[{"start":{"line":16,"column":32},"end":{"line":16,"column":39}},{"start":{"line":16,"column":42},"end":{"line":16,"column":46}}]},"3":{"loc":{"start":{"line":18,"column":17},"end":{"line":18,"column":56}},"type":"cond-expr","locations":[{"start":{"line":18,"column":31},"end":{"line":18,"column":36}},{"start":{"line":18,"column":39},"end":{"line":18,"column":56}}]},"4":{"loc":{"start":{"line":27,"column":13},"end":{"line":27,"column":67}},"type":"cond-expr","locations":[{"start":{"line":27,"column":27},"end":{"line":27,"column":45}},{"start":{"line":27,"column":48},"end":{"line":27,"column":67}}]}},"s":{"0":2,"1":2,"2":2,"3":2,"4":2,"5":3,"6":3,"7":1,"8":2,"9":2,"10":2,"11":2,"12":2,"13":2,"14":1},"f":{"0":3,"1":1},"b":{"0":[1],"1":[1,1],"2":[1,1],"3":[1,1],"4":[1,1]}}
,"/Users/saimateovargas/Library/CloudStorage/OneDrive-Personal/Mateo Vargas/Proyectos/GARDEN/garden-mvp/garden-api/src/modules/caregiver-service/caregiver.controller.ts": {"path":"/Users/saimateovargas/Library/CloudStorage/OneDrive-Personal/Mateo Vargas/Proyectos/GARDEN/garden-mvp/garden-api/src/modules/caregiver-service/caregiver.controller.ts","statementMap":{"0":{"start":{"line":2,"column":0},"end":{"line":2,"column":31}},"1":{"start":{"line":3,"column":0},"end":{"line":3,"column":59}},"2":{"start":{"line":4,"column":0},"end":{"line":4,"column":null}},"3":{"start":{"line":10,"column":0},"end":{"line":10,"column":70}},"4":{"start":{"line":11,"column":0},"end":{"line":11,"column":97}},"5":{"start":{"line":12,"column":0},"end":{"line":12,"column":61}},"6":{"start":{"line":19,"column":13},"end":{"line":37,"column":3}},"7":{"start":{"line":20,"column":16},"end":{"line":20,"column":58}},"8":{"start":{"line":22,"column":4},"end":{"line":24,"column":17}},"9":{"start":{"line":25,"column":21},"end":{"line":25,"column":94}},"10":{"start":{"line":27,"column":17},"end":{"line":34,"column":4}},"11":{"start":{"line":36,"column":2},"end":{"line":36,"column":44}},"12":{"start":{"line":39,"column":13},"end":{"line":44,"column":3}},"13":{"start":{"line":40,"column":13},"end":{"line":40,"column":27}},"14":{"start":{"line":41,"column":20},"end":{"line":41,"column":63}},"15":{"start":{"line":42,"column":2},"end":{"line":42,"column":55}},"16":{"start":{"line":42,"column":18},"end":{"line":42,"column":55}},"17":{"start":{"line":43,"column":2},"end":{"line":43,"column":47}},"18":{"start":{"line":51,"column":2},"end":{"line":54,"column":3}},"19":{"start":{"line":52,"column":16},"end":{"line":52,"column":25}},"20":{"start":{"line":53,"column":4},"end":{"line":53,"column":59}},"21":{"start":{"line":55,"column":26},"end":{"line":55,"column":46}},"22":{"start":{"line":56,"column":24},"end":{"line":60,"column":10}},"23":{"start":{"line":59,"column":54},"end":{"line":59,"column":62}},"24":{"start":{"line":61,"column":2},"end":{"line":69,"column":4}},"25":{"start":{"line":81,"column":18},"end":{"line":81,"column":44}},"26":{"start":{"line":81,"column":35},"end":{"line":81,"column":43}},"27":{"start":{"line":82,"column":2},"end":{"line":82,"column":55}},"28":{"start":{"line":91,"column":13},"end":{"line":115,"column":3}},"29":{"start":{"line":92,"column":17},"end":{"line":92,"column":29}},"30":{"start":{"line":93,"column":17},"end":{"line":93,"column":70}},"31":{"start":{"line":95,"column":2},"end":{"line":102,"column":3}},"32":{"start":{"line":96,"column":4},"end":{"line":96,"column":44}},"33":{"start":{"line":98,"column":4},"end":{"line":100,"column":5}},"34":{"start":{"line":99,"column":6},"end":{"line":99,"column":79}},"35":{"start":{"line":101,"column":4},"end":{"line":101,"column":12}},"36":{"start":{"line":103,"column":20},"end":{"line":103,"column":53}},"37":{"start":{"line":105,"column":18},"end":{"line":105,"column":73}},"38":{"start":{"line":106,"column":16},"end":{"line":106,"column":59}},"39":{"start":{"line":108,"column":31},"end":{"line":108,"column":102}},"40":{"start":{"line":110,"column":2},"end":{"line":114,"column":3}},"41":{"start":{"line":111,"column":4},"end":{"line":111,"column":59}},"42":{"start":{"line":113,"column":4},"end":{"line":113,"column":59}}},"fnMap":{"0":{"name":"(anonymous_9)","decl":{"start":{"line":19,"column":33},"end":{"line":19,"column":38}},"loc":{"start":{"line":19,"column":71},"end":{"line":37,"column":1}}},"1":{"name":"(anonymous_10)","decl":{"start":{"line":39,"column":36},"end":{"line":39,"column":41}},"loc":{"start":{"line":39,"column":74},"end":{"line":44,"column":1}}},"2":{"name":"parseCaregiverBody","decl":{"start":{"line":50,"column":9},"end":{"line":50,"column":27}},"loc":{"start":{"line":50,"column":57},"end":{"line":70,"column":1}}},"3":{"name":"(anonymous_12)","decl":{"start":{"line":59,"column":39},"end":{"line":59,"column":40}},"loc":{"start":{"line":59,"column":54},"end":{"line":59,"column":62}}},"4":{"name":"uploadPhotos","decl":{"start":{"line":77,"column":15},"end":{"line":77,"column":27}},"loc":{"start":{"line":79,"column":30},"end":{"line":83,"column":1}}},"5":{"name":"(anonymous_14)","decl":{"start":{"line":81,"column":28},"end":{"line":81,"column":29}},"loc":{"start":{"line":81,"column":35},"end":{"line":81,"column":43}}},"6":{"name":"(anonymous_15)","decl":{"start":{"line":91,"column":35},"end":{"line":91,"column":40}},"loc":{"start":{"line":91,"column":73},"end":{"line":115,"column":1}}}},"branchMap":{"0":{"loc":{"start":{"line":22,"column":4},"end":{"line":24,"column":17}},"type":"cond-expr","locations":[{"start":{"line":23,"column":9},"end":{"line":23,"column":58}},{"start":{"line":24,"column":8},"end":{"line":24,"column":17}}]},"1":{"loc":{"start":{"line":22,"column":4},"end":{"line":22,"column":62}},"type":"binary-expr","locations":[{"start":{"line":22,"column":4},"end":{"line":22,"column":29}},{"start":{"line":22,"column":33},"end":{"line":22,"column":62}}]},"2":{"loc":{"start":{"line":23,"column":9},"end":{"line":23,"column":58}},"type":"cond-expr","locations":[{"start":{"line":23,"column":37},"end":{"line":23,"column":44}},{"start":{"line":23,"column":47},"end":{"line":23,"column":58}}]},"3":{"loc":{"start":{"line":25,"column":21},"end":{"line":25,"column":94}},"type":"cond-expr","locations":[{"start":{"line":25,"column":34},"end":{"line":25,"column":82}},{"start":{"line":25,"column":85},"end":{"line":25,"column":94}}]},"4":{"loc":{"start":{"line":28,"column":13},"end":{"line":28,"column":68}},"type":"binary-expr","locations":[{"start":{"line":28,"column":13},"end":{"line":28,"column":26}},{"start":{"line":28,"column":31},"end":{"line":28,"column":68}}]},"5":{"loc":{"start":{"line":29,"column":10},"end":{"line":29,"column":67}},"type":"cond-expr","locations":[{"start":{"line":29,"column":32},"end":{"line":29,"column":55}},{"start":{"line":29,"column":58},"end":{"line":29,"column":67}}]},"6":{"loc":{"start":{"line":42,"column":2},"end":{"line":42,"column":55}},"type":"if","locations":[{"start":{"line":42,"column":2},"end":{"line":42,"column":55}}]},"7":{"loc":{"start":{"line":51,"column":2},"end":{"line":54,"column":3}},"type":"if","locations":[{"start":{"line":51,"column":2},"end":{"line":54,"column":3}}]},"8":{"loc":{"start":{"line":51,"column":6},"end":{"line":51,"column":49}},"type":"binary-expr","locations":[{"start":{"line":51,"column":6},"end":{"line":51,"column":29}},{"start":{"line":51,"column":33},"end":{"line":51,"column":49}}]},"9":{"loc":{"start":{"line":53,"column":11},"end":{"line":53,"column":58}},"type":"cond-expr","locations":[{"start":{"line":53,"column":37},"end":{"line":53,"column":52}},{"start":{"line":53,"column":55},"end":{"line":53,"column":58}}]},"10":{"loc":{"start":{"line":56,"column":24},"end":{"line":60,"column":10}},"type":"cond-expr","locations":[{"start":{"line":57,"column":6},"end":{"line":57,"column":21}},{"start":{"line":58,"column":6},"end":{"line":60,"column":10}}]},"11":{"loc":{"start":{"line":58,"column":6},"end":{"line":60,"column":10}},"type":"cond-expr","locations":[{"start":{"line":59,"column":8},"end":{"line":59,"column":79}},{"start":{"line":60,"column":8},"end":{"line":60,"column":10}}]},"12":{"loc":{"start":{"line":58,"column":6},"end":{"line":58,"column":60}},"type":"binary-expr","locations":[{"start":{"line":58,"column":6},"end":{"line":58,"column":41}},{"start":{"line":58,"column":45},"end":{"line":58,"column":60}}]},"13":{"loc":{"start":{"line":64,"column":15},"end":{"line":64,"column":97}},"type":"cond-expr","locations":[{"start":{"line":64,"column":71},"end":{"line":64,"column":85}},{"start":{"line":64,"column":88},"end":{"line":64,"column":97}}]},"14":{"loc":{"start":{"line":64,"column":15},"end":{"line":64,"column":68}},"type":"binary-expr","locations":[{"start":{"line":64,"column":15},"end":{"line":64,"column":43}},{"start":{"line":64,"column":47},"end":{"line":64,"column":68}}]},"15":{"loc":{"start":{"line":66,"column":17},"end":{"line":66,"column":105}},"type":"cond-expr","locations":[{"start":{"line":66,"column":77},"end":{"line":66,"column":93}},{"start":{"line":66,"column":96},"end":{"line":66,"column":105}}]},"16":{"loc":{"start":{"line":66,"column":17},"end":{"line":66,"column":74}},"type":"binary-expr","locations":[{"start":{"line":66,"column":17},"end":{"line":66,"column":47}},{"start":{"line":66,"column":51},"end":{"line":66,"column":74}}]},"17":{"loc":{"start":{"line":67,"column":20},"end":{"line":67,"column":117}},"type":"cond-expr","locations":[{"start":{"line":67,"column":86},"end":{"line":67,"column":105}},{"start":{"line":67,"column":108},"end":{"line":67,"column":117}}]},"18":{"loc":{"start":{"line":67,"column":20},"end":{"line":67,"column":83}},"type":"binary-expr","locations":[{"start":{"line":67,"column":20},"end":{"line":67,"column":53}},{"start":{"line":67,"column":57},"end":{"line":67,"column":83}}]},"19":{"loc":{"start":{"line":68,"column":20},"end":{"line":68,"column":117}},"type":"cond-expr","locations":[{"start":{"line":68,"column":86},"end":{"line":68,"column":105}},{"start":{"line":68,"column":108},"end":{"line":68,"column":117}}]},"20":{"loc":{"start":{"line":68,"column":20},"end":{"line":68,"column":83}},"type":"binary-expr","locations":[{"start":{"line":68,"column":20},"end":{"line":68,"column":53}},{"start":{"line":68,"column":57},"end":{"line":68,"column":83}}]},"21":{"loc":{"start":{"line":93,"column":17},"end":{"line":93,"column":70}},"type":"binary-expr","locations":[{"start":{"line":93,"column":17},"end":{"line":93,"column":64}},{"start":{"line":93,"column":68},"end":{"line":93,"column":70}}]},"22":{"loc":{"start":{"line":98,"column":4},"end":{"line":100,"column":5}},"type":"if","locations":[{"start":{"line":98,"column":4},"end":{"line":100,"column":5}}]},"23":{"loc":{"start":{"line":98,"column":8},"end":{"line":98,"column":53}},"type":"binary-expr","locations":[{"start":{"line":98,"column":8},"end":{"line":98,"column":29}},{"start":{"line":98,"column":33},"end":{"line":98,"column":53}}]},"24":{"loc":{"start":{"line":110,"column":2},"end":{"line":114,"column":3}},"type":"if","locations":[{"start":{"line":110,"column":2},"end":{"line":114,"column":3}},{"start":{"line":112,"column":9},"end":{"line":114,"column":3}}]}},"s":{"0":1,"1":1,"2":1,"3":1,"4":1,"5":1,"6":1,"7":4,"8":4,"9":4,"10":4,"11":4,"12":1,"13":2,"14":2,"15":2,"16":1,"17":1,"18":1,"19":1,"20":1,"21":0,"22":0,"23":0,"24":0,"25":1,"26":5,"27":1,"28":1,"29":1,"30":1,"31":1,"32":1,"33":0,"34":0,"35":0,"36":1,"37":1,"38":1,"39":1,"40":1,"41":1,"42":0},"f":{"0":4,"1":2,"2":1,"3":0,"4":1,"5":5,"6":1},"b":{"0":[1,3],"1":[4,4],"2":[0,1],"3":[1,3],"4":[4,3],"5":[1,3],"6":[1],"7":[1],"8":[1,1],"9":[1,0],"10":[0,0],"11":[0,0],"12":[0,0],"13":[0,0],"14":[0,0],"15":[0,0],"16":[0,0],"17":[0,0],"18":[0,0],"19":[0,0],"20":[0,0],"21":[1,0],"22":[0],"23":[0,0],"24":[1,0]}}
,"/Users/saimateovargas/Library/CloudStorage/OneDrive-Personal/Mateo Vargas/Proyectos/GARDEN/garden-mvp/garden-api/src/modules/caregiver-service/caregiver.routes.ts": {"path":"/Users/saimateovargas/Library/CloudStorage/OneDrive-Personal/Mateo Vargas/Proyectos/GARDEN/garden-mvp/garden-api/src/modules/caregiver-service/caregiver.routes.ts","statementMap":{"0":{"start":{"line":1,"column":0},"end":{"line":1,"column":33}},"1":{"start":{"line":2,"column":0},"end":{"line":2,"column":82}},"2":{"start":{"line":3,"column":0},"end":{"line":3,"column":63}},"3":{"start":{"line":4,"column":0},"end":{"line":4,"column":65}},"4":{"start":{"line":6,"column":15},"end":{"line":6,"column":23}},"5":{"start":{"line":8,"column":0},"end":{"line":8,"column":42}},"6":{"start":{"line":9,"column":0},"end":{"line":9,"column":48}},"7":{"start":{"line":12,"column":0},"end":{"line":18,"column":2}},"8":{"start":{"line":20,"column":0},"end":{"line":20,"column":22}}},"fnMap":{},"branchMap":{},"s":{"0":1,"1":1,"2":1,"3":1,"4":1,"5":1,"6":1,"7":1,"8":1},"f":{},"b":{}}
,"/Users/saimateovargas/Library/CloudStorage/OneDrive-Personal/Mateo Vargas/Proyectos/GARDEN/garden-mvp/garden-api/src/modules/caregiver-service/caregiver.service.ts": {"path":"/Users/saimateovargas/Library/CloudStorage/OneDrive-Personal/Mateo Vargas/Proyectos/GARDEN/garden-mvp/garden-api/src/modules/caregiver-service/caregiver.service.ts","statementMap":{"0":{"start":{"line":25,"column":0},"end":{"line":25,"column":7}},"1":{"start":{"line":115,"column":0},"end":{"line":115,"column":7}},"2":{"start":{"line":187,"column":0},"end":{"line":187,"column":16}},"3":{"start":{"line":195,"column":0},"end":{"line":195,"column":16}},"4":{"start":{"line":202,"column":0},"end":{"line":202,"column":7}},"5":{"start":{"line":245,"column":0},"end":{"line":245,"column":7}},"6":{"start":{"line":334,"column":0},"end":{"line":334,"column":7}},"7":{"start":{"line":1,"column":0},"end":{"line":1,"column":66}},"8":{"start":{"line":3,"column":0},"end":{"line":3,"column":46}},"9":{"start":{"line":4,"column":0},"end":{"line":4,"column":151}},"10":{"start":{"line":5,"column":0},"end":{"line":5,"column":null}},"11":{"start":{"line":17,"column":0},"end":{"line":17,"column":71}},"12":{"start":{"line":19,"column":14},"end":{"line":19,"column":24}},"13":{"start":{"line":26,"column":73},"end":{"line":26,"column":80}},"14":{"start":{"line":28,"column":19},"end":{"line":35,"column":4}},"15":{"start":{"line":36,"column":17},"end":{"line":36,"column":63}},"16":{"start":{"line":37,"column":2},"end":{"line":37,"column":28}},"17":{"start":{"line":37,"column":14},"end":{"line":37,"column":28}},"18":{"start":{"line":39,"column":36},"end":{"line":43,"column":17}},"19":{"start":{"line":42,"column":36},"end":{"line":42,"column":44}},"20":{"start":{"line":42,"column":71},"end":{"line":42,"column":110}},"21":{"start":{"line":44,"column":22},"end":{"line":44,"column":55}},"22":{"start":{"line":46,"column":51},"end":{"line":49,"column":4}},"23":{"start":{"line":51,"column":2},"end":{"line":53,"column":3}},"24":{"start":{"line":52,"column":4},"end":{"line":52,"column":37}},"25":{"start":{"line":55,"column":2},"end":{"line":58,"column":3}},"26":{"start":{"line":56,"column":15},"end":{"line":56,"column":88}},"27":{"start":{"line":57,"column":4},"end":{"line":57,"column":40}},"28":{"start":{"line":60,"column":2},"end":{"line":62,"column":3}},"29":{"start":{"line":61,"column":4},"end":{"line":61,"column":32}},"30":{"start":{"line":64,"column":2},"end":{"line":72,"column":3}},"31":{"start":{"line":65,"column":4},"end":{"line":71,"column":5}},"32":{"start":{"line":66,"column":6},"end":{"line":66,"column":48}},"33":{"start":{"line":67,"column":11},"end":{"line":71,"column":5}},"34":{"start":{"line":68,"column":6},"end":{"line":68,"column":49}},"35":{"start":{"line":70,"column":6},"end":{"line":70,"column":39}},"36":{"start":{"line":74,"column":30},"end":{"line":83,"column":4}},"37":{"start":{"line":85,"column":16},"end":{"line":85,"column":45}},"38":{"start":{"line":86,"column":38},"end":{"line":109,"column":4}},"39":{"start":{"line":87,"column":39},"end":{"line":101,"column":6}},"40":{"start":{"line":111,"column":2},"end":{"line":111,"column":62}},"41":{"start":{"line":112,"column":2},"end":{"line":112,"column":16}},"42":{"start":{"line":116,"column":19},"end":{"line":116,"column":46}},"43":{"start":{"line":117,"column":17},"end":{"line":117,"column":59}},"44":{"start":{"line":118,"column":2},"end":{"line":118,"column":28}},"45":{"start":{"line":118,"column":14},"end":{"line":118,"column":28}},"46":{"start":{"line":120,"column":18},"end":{"line":137,"column":4}},"47":{"start":{"line":139,"column":2},"end":{"line":139,"column":28}},"48":{"start":{"line":139,"column":16},"end":{"line":139,"column":28}},"49":{"start":{"line":141,"column":35},"end":{"line":141,"column":37}},"50":{"start":{"line":142,"column":51},"end":{"line":142,"column":53}},"51":{"start":{"line":143,"column":2},"end":{"line":150,"column":3}},"52":{"start":{"line":144,"column":20},"end":{"line":144,"column":53}},"53":{"start":{"line":145,"column":4},"end":{"line":149,"column":5}},"54":{"start":{"line":146,"column":6},"end":{"line":146,"column":35}},"55":{"start":{"line":147,"column":11},"end":{"line":149,"column":5}},"56":{"start":{"line":148,"column":6},"end":{"line":148,"column":42}},"57":{"start":{"line":152,"column":34},"end":{"line":181,"column":4}},"58":{"start":{"line":172,"column":41},"end":{"line":180,"column":6}},"59":{"start":{"line":183,"column":2},"end":{"line":183,"column":64}},"60":{"start":{"line":184,"column":2},"end":{"line":184,"column":16}},"61":{"start":{"line":188,"column":2},"end":{"line":192,"column":3}},"62":{"start":{"line":189,"column":4},"end":{"line":191,"column":6}},"63":{"start":{"line":196,"column":2},"end":{"line":198,"column":3}},"64":{"start":{"line":197,"column":4},"end":{"line":197,"column":88}},"65":{"start":{"line":207,"column":2},"end":{"line":207,"column":25}},"66":{"start":{"line":208,"column":2},"end":{"line":208,"column":32}},"67":{"start":{"line":210,"column":19},"end":{"line":210,"column":82}},"68":{"start":{"line":211,"column":2},"end":{"line":213,"column":3}},"69":{"start":{"line":212,"column":4},"end":{"line":212,"column":63}},"70":{"start":{"line":215,"column":15},"end":{"line":215,"column":70}},"71":{"start":{"line":216,"column":2},"end":{"line":218,"column":3}},"72":{"start":{"line":217,"column":4},"end":{"line":217,"column":72}},"73":{"start":{"line":220,"column":18},"end":{"line":234,"column":4}},"74":{"start":{"line":236,"column":2},"end":{"line":236,"column":39}},"75":{"start":{"line":250,"column":2},"end":{"line":250,"column":25}},"76":{"start":{"line":251,"column":2},"end":{"line":251,"column":32}},"77":{"start":{"line":253,"column":15},"end":{"line":253,"column":70}},"78":{"start":{"line":254,"column":2},"end":{"line":256,"column":3}},"79":{"start":{"line":255,"column":4},"end":{"line":255,"column":72}},"80":{"start":{"line":258,"column":22},"end":{"line":267,"column":4}},"81":{"start":{"line":269,"column":17},"end":{"line":290,"column":4}},"82":{"start":{"line":270,"column":21},"end":{"line":270,"column":80}},"83":{"start":{"line":272,"column":4},"end":{"line":279,"column":5}},"84":{"start":{"line":273,"column":22},"end":{"line":277,"column":8}},"85":{"start":{"line":278,"column":6},"end":{"line":278,"column":50}},"86":{"start":{"line":281,"column":20},"end":{"line":288,"column":6}},"87":{"start":{"line":289,"column":4},"end":{"line":289,"column":47}},"88":{"start":{"line":292,"column":2},"end":{"line":294,"column":3}},"89":{"start":{"line":293,"column":4},"end":{"line":293,"column":69}},"90":{"start":{"line":296,"column":2},"end":{"line":299,"column":4}},"91":{"start":{"line":317,"column":2},"end":{"line":331,"column":4}},"92":{"start":{"line":335,"column":2},"end":{"line":338,"column":5}}},"fnMap":{"0":{"name":"listCaregivers","decl":{"start":{"line":25,"column":22},"end":{"line":25,"column":36}},"loc":{"start":{"line":25,"column":62},"end":{"line":113,"column":1}}},"1":{"name":"(anonymous_2)","decl":{"start":{"line":42,"column":29},"end":{"line":42,"column":30}},"loc":{"start":{"line":42,"column":36},"end":{"line":42,"column":44}}},"2":{"name":"(anonymous_3)","decl":{"start":{"line":42,"column":53},"end":{"line":42,"column":54}},"loc":{"start":{"line":42,"column":71},"end":{"line":42,"column":110}}},"3":{"name":"(anonymous_4)","decl":{"start":{"line":87,"column":31},"end":{"line":87,"column":32}},"loc":{"start":{"line":87,"column":39},"end":{"line":101,"column":6}}},"4":{"name":"getCaregiverById","decl":{"start":{"line":115,"column":22},"end":{"line":115,"column":38}},"loc":{"start":{"line":115,"column":49},"end":{"line":185,"column":1}}},"5":{"name":"(anonymous_6)","decl":{"start":{"line":172,"column":33},"end":{"line":172,"column":34}},"loc":{"start":{"line":172,"column":41},"end":{"line":180,"column":6}}},"6":{"name":"validatePhotoCount","decl":{"start":{"line":187,"column":16},"end":{"line":187,"column":34}},"loc":{"start":{"line":187,"column":51},"end":{"line":193,"column":1}}},"7":{"name":"validateBio","decl":{"start":{"line":195,"column":16},"end":{"line":195,"column":27}},"loc":{"start":{"line":195,"column":39},"end":{"line":199,"column":1}}},"8":{"name":"createCaregiverProfile","decl":{"start":{"line":202,"column":22},"end":{"line":202,"column":44}},"loc":{"start":{"line":205,"column":21},"end":{"line":237,"column":1}}},"9":{"name":"upsertCaregiverProfile","decl":{"start":{"line":245,"column":22},"end":{"line":245,"column":44}},"loc":{"start":{"line":248,"column":21},"end":{"line":300,"column":1}}},"10":{"name":"(anonymous_11)","decl":{"start":{"line":269,"column":43},"end":{"line":269,"column":48}},"loc":{"start":{"line":269,"column":56},"end":{"line":290,"column":3}}},"11":{"name":"mapProfileToListItem","decl":{"start":{"line":302,"column":9},"end":{"line":302,"column":29}},"loc":{"start":{"line":315,"column":3},"end":{"line":332,"column":1}}},"12":{"name":"getCaregiverProfileByUserId","decl":{"start":{"line":334,"column":22},"end":{"line":334,"column":49}},"loc":{"start":{"line":334,"column":64},"end":{"line":339,"column":1}}}},"branchMap":{"0":{"loc":{"start":{"line":26,"column":48},"end":{"line":26,"column":56}},"type":"default-arg","locations":[{"start":{"line":26,"column":55},"end":{"line":26,"column":56}}]},"1":{"loc":{"start":{"line":26,"column":58},"end":{"line":26,"column":68}},"type":"default-arg","locations":[{"start":{"line":26,"column":66},"end":{"line":26,"column":68}}]},"2":{"loc":{"start":{"line":29,"column":13},"end":{"line":29,"column":26}},"type":"binary-expr","locations":[{"start":{"line":29,"column":13},"end":{"line":29,"column":20}},{"start":{"line":29,"column":24},"end":{"line":29,"column":26}}]},"3":{"loc":{"start":{"line":30,"column":10},"end":{"line":30,"column":59}},"type":"cond-expr","locations":[{"start":{"line":30,"column":32},"end":{"line":30,"column":46}},{"start":{"line":30,"column":49},"end":{"line":30,"column":59}}]},"4":{"loc":{"start":{"line":30,"column":49},"end":{"line":30,"column":59}},"type":"binary-expr","locations":[{"start":{"line":30,"column":49},"end":{"line":30,"column":53}},{"start":{"line":30,"column":57},"end":{"line":30,"column":59}}]},"5":{"loc":{"start":{"line":31,"column":16},"end":{"line":31,"column":32}},"type":"binary-expr","locations":[{"start":{"line":31,"column":16},"end":{"line":31,"column":26}},{"start":{"line":31,"column":30},"end":{"line":31,"column":32}}]},"6":{"loc":{"start":{"line":32,"column":15},"end":{"line":32,"column":30}},"type":"binary-expr","locations":[{"start":{"line":32,"column":15},"end":{"line":32,"column":24}},{"start":{"line":32,"column":28},"end":{"line":32,"column":30}}]},"7":{"loc":{"start":{"line":37,"column":2},"end":{"line":37,"column":28}},"type":"if","locations":[{"start":{"line":37,"column":2},"end":{"line":37,"column":28}}]},"8":{"loc":{"start":{"line":39,"column":36},"end":{"line":43,"column":17}},"type":"cond-expr","locations":[{"start":{"line":40,"column":7},"end":{"line":40,"column":22}},{"start":{"line":41,"column":6},"end":{"line":43,"column":17}}]},"9":{"loc":{"start":{"line":41,"column":6},"end":{"line":43,"column":17}},"type":"cond-expr","locations":[{"start":{"line":42,"column":9},"end":{"line":42,"column":111}},{"start":{"line":43,"column":8},"end":{"line":43,"column":17}}]},"10":{"loc":{"start":{"line":44,"column":22},"end":{"line":44,"column":55}},"type":"cond-expr","locations":[{"start":{"line":44,"column":38},"end":{"line":44,"column":43}},{"start":{"line":44,"column":46},"end":{"line":44,"column":55}}]},"11":{"loc":{"start":{"line":51,"column":2},"end":{"line":53,"column":3}},"type":"if","locations":[{"start":{"line":51,"column":2},"end":{"line":53,"column":3}}]},"12":{"loc":{"start":{"line":55,"column":2},"end":{"line":58,"column":3}},"type":"if","locations":[{"start":{"line":55,"column":2},"end":{"line":58,"column":3}}]},"13":{"loc":{"start":{"line":55,"column":6},"end":{"line":55,"column":36}},"type":"binary-expr","locations":[{"start":{"line":55,"column":6},"end":{"line":55,"column":13}},{"start":{"line":55,"column":17},"end":{"line":55,"column":36}}]},"14":{"loc":{"start":{"line":56,"column":15},"end":{"line":56,"column":88}},"type":"cond-expr","locations":[{"start":{"line":56,"column":47},"end":{"line":56,"column":64}},{"start":{"line":56,"column":67},"end":{"line":56,"column":88}}]},"15":{"loc":{"start":{"line":60,"column":2},"end":{"line":62,"column":3}},"type":"if","locations":[{"start":{"line":60,"column":2},"end":{"line":62,"column":3}}]},"16":{"loc":{"start":{"line":64,"column":2},"end":{"line":72,"column":3}},"type":"if","locations":[{"start":{"line":64,"column":2},"end":{"line":72,"column":3}}]},"17":{"loc":{"start":{"line":65,"column":4},"end":{"line":71,"column":5}},"type":"if","locations":[{"start":{"line":65,"column":4},"end":{"line":71,"column":5}},{"start":{"line":67,"column":11},"end":{"line":71,"column":5}}]},"18":{"loc":{"start":{"line":67,"column":11},"end":{"line":71,"column":5}},"type":"if","locations":[{"start":{"line":67,"column":11},"end":{"line":71,"column":5}},{"start":{"line":69,"column":11},"end":{"line":71,"column":5}}]},"19":{"loc":{"start":{"line":85,"column":16},"end":{"line":85,"column":45}},"type":"binary-expr","locations":[{"start":{"line":85,"column":16},"end":{"line":85,"column":40}},{"start":{"line":85,"column":44},"end":{"line":85,"column":45}}]},"20":{"loc":{"start":{"line":92,"column":12},"end":{"line":92,"column":24}},"type":"binary-expr","locations":[{"start":{"line":92,"column":12},"end":{"line":92,"column":18}},{"start":{"line":92,"column":22},"end":{"line":92,"column":24}}]},"21":{"loc":{"start":{"line":118,"column":2},"end":{"line":118,"column":28}},"type":"if","locations":[{"start":{"line":118,"column":2},"end":{"line":118,"column":28}}]},"22":{"loc":{"start":{"line":139,"column":2},"end":{"line":139,"column":28}},"type":"if","locations":[{"start":{"line":139,"column":2},"end":{"line":139,"column":28}}]},"23":{"loc":{"start":{"line":145,"column":4},"end":{"line":149,"column":5}},"type":"if","locations":[{"start":{"line":145,"column":4},"end":{"line":149,"column":5}},{"start":{"line":147,"column":11},"end":{"line":149,"column":5}}]},"24":{"loc":{"start":{"line":145,"column":8},"end":{"line":145,"column":64}},"type":"binary-expr","locations":[{"start":{"line":145,"column":8},"end":{"line":145,"column":47}},{"start":{"line":145,"column":51},"end":{"line":145,"column":64}}]},"25":{"loc":{"start":{"line":147,"column":11},"end":{"line":149,"column":5}},"type":"if","locations":[{"start":{"line":147,"column":11},"end":{"line":149,"column":5}}]},"26":{"loc":{"start":{"line":147,"column":15},"end":{"line":147,"column":72}},"type":"binary-expr","locations":[{"start":{"line":147,"column":15},"end":{"line":147,"column":50}},{"start":{"line":147,"column":54},"end":{"line":147,"column":72}}]},"27":{"loc":{"start":{"line":157,"column":10},"end":{"line":157,"column":28}},"type":"binary-expr","locations":[{"start":{"line":157,"column":10},"end":{"line":157,"column":22}},{"start":{"line":157,"column":26},"end":{"line":157,"column":28}}]},"28":{"loc":{"start":{"line":188,"column":2},"end":{"line":192,"column":3}},"type":"if","locations":[{"start":{"line":188,"column":2},"end":{"line":192,"column":3}}]},"29":{"loc":{"start":{"line":188,"column":6},"end":{"line":188,"column":72}},"type":"binary-expr","locations":[{"start":{"line":188,"column":6},"end":{"line":188,"column":37}},{"start":{"line":188,"column":41},"end":{"line":188,"column":72}}]},"30":{"loc":{"start":{"line":196,"column":2},"end":{"line":198,"column":3}},"type":"if","locations":[{"start":{"line":196,"column":2},"end":{"line":198,"column":3}}]},"31":{"loc":{"start":{"line":211,"column":2},"end":{"line":213,"column":3}},"type":"if","locations":[{"start":{"line":211,"column":2},"end":{"line":213,"column":3}}]},"32":{"loc":{"start":{"line":216,"column":2},"end":{"line":218,"column":3}},"type":"if","locations":[{"start":{"line":216,"column":2},"end":{"line":218,"column":3}}]},"33":{"loc":{"start":{"line":216,"column":6},"end":{"line":216,"column":40}},"type":"binary-expr","locations":[{"start":{"line":216,"column":6},"end":{"line":216,"column":11}},{"start":{"line":216,"column":15},"end":{"line":216,"column":40}}]},"34":{"loc":{"start":{"line":254,"column":2},"end":{"line":256,"column":3}},"type":"if","locations":[{"start":{"line":254,"column":2},"end":{"line":256,"column":3}}]},"35":{"loc":{"start":{"line":254,"column":6},"end":{"line":254,"column":40}},"type":"binary-expr","locations":[{"start":{"line":254,"column":6},"end":{"line":254,"column":11}},{"start":{"line":254,"column":15},"end":{"line":254,"column":40}}]},"36":{"loc":{"start":{"line":261,"column":15},"end":{"line":261,"column":38}},"type":"binary-expr","locations":[{"start":{"line":261,"column":15},"end":{"line":261,"column":30}},{"start":{"line":261,"column":34},"end":{"line":261,"column":38}}]},"37":{"loc":{"start":{"line":264,"column":17},"end":{"line":264,"column":42}},"type":"binary-expr","locations":[{"start":{"line":264,"column":17},"end":{"line":264,"column":34}},{"start":{"line":264,"column":38},"end":{"line":264,"column":42}}]},"38":{"loc":{"start":{"line":265,"column":20},"end":{"line":265,"column":48}},"type":"binary-expr","locations":[{"start":{"line":265,"column":20},"end":{"line":265,"column":40}},{"start":{"line":265,"column":44},"end":{"line":265,"column":48}}]},"39":{"loc":{"start":{"line":266,"column":20},"end":{"line":266,"column":48}},"type":"binary-expr","locations":[{"start":{"line":266,"column":20},"end":{"line":266,"column":40}},{"start":{"line":266,"column":44},"end":{"line":266,"column":48}}]},"40":{"loc":{"start":{"line":272,"column":4},"end":{"line":279,"column":5}},"type":"if","locations":[{"start":{"line":272,"column":4},"end":{"line":279,"column":5}}]},"41":{"loc":{"start":{"line":292,"column":2},"end":{"line":294,"column":3}},"type":"if","locations":[{"start":{"line":292,"column":2},"end":{"line":294,"column":3}}]},"42":{"loc":{"start":{"line":322,"column":10},"end":{"line":322,"column":28}},"type":"binary-expr","locations":[{"start":{"line":322,"column":10},"end":{"line":322,"column":22}},{"start":{"line":322,"column":26},"end":{"line":322,"column":28}}]}},"s":{"0":2,"1":2,"2":2,"3":2,"4":2,"5":2,"6":2,"7":2,"8":2,"9":2,"10":2,"11":2,"12":2,"13":6,"14":6,"15":6,"16":6,"17":0,"18":6,"19":0,"20":0,"21":6,"22":6,"23":6,"24":2,"25":6,"26":1,"27":1,"28":6,"29":0,"30":6,"31":1,"32":1,"33":0,"34":0,"35":0,"36":6,"37":6,"38":6,"39":2,"40":6,"41":6,"42":3,"43":3,"44":3,"45":0,"46":3,"47":3,"48":2,"49":1,"50":1,"51":1,"52":0,"53":0,"54":0,"55":0,"56":0,"57":1,"58":0,"59":1,"60":1,"61":11,"62":3,"63":9,"64":1,"65":2,"66":2,"67":2,"68":2,"69":1,"70":1,"71":1,"72":1,"73":0,"74":0,"75":4,"76":4,"77":4,"78":4,"79":1,"80":3,"81":3,"82":3,"83":3,"84":1,"85":1,"86":2,"87":2,"88":3,"89":1,"90":3,"91":3,"92":0},"f":{"0":6,"1":0,"2":0,"3":2,"4":3,"5":0,"6":11,"7":9,"8":2,"9":4,"10":3,"11":3,"12":0},"b":{"0":[0],"1":[0],"2":[6,5],"3":[2,4],"4":[4,4],"5":[6,5],"6":[6,6],"7":[0],"8":[2,4],"9":[0,4],"10":[2,4],"11":[2],"12":[1],"13":[6,1],"14":[0,1],"15":[0],"16":[1],"17":[1,0],"18":[0,0],"19":[6,4],"20":[2,0],"21":[0],"22":[2],"23":[0,0],"24":[0,0],"25":[0],"26":[0,0],"27":[1,0],"28":[3],"29":[11,9],"30":[1],"31":[1],"32":[1],"33":[1,1],"34":[1],"35":[4,4],"36":[3,2],"37":[3,2],"38":[3,2],"39":[3,2],"40":[1],"41":[1],"42":[3,0]}}
,"/Users/saimateovargas/Library/CloudStorage/OneDrive-Personal/Mateo Vargas/Proyectos/GARDEN/garden-mvp/garden-api/src/modules/caregiver-service/caregiver.validation.ts": {"path":"/Users/saimateovargas/Library/CloudStorage/OneDrive-Personal/Mateo Vargas/Proyectos/GARDEN/garden-mvp/garden-api/src/modules/caregiver-service/caregiver.validation.ts","statementMap":{"0":{"start":{"line":1,"column":0},"end":{"line":1,"column":24}},"1":{"start":{"line":2,"column":0},"end":{"line":2,"column":51}},"2":{"start":{"line":4,"column":23},"end":{"line":4,"column":26}},"3":{"start":{"line":5,"column":30},"end":{"line":5,"column":33}},"4":{"start":{"line":6,"column":19},"end":{"line":6,"column":20}},"5":{"start":{"line":7,"column":19},"end":{"line":7,"column":20}},"6":{"start":{"line":9,"column":13},"end":{"line":20,"column":3}},"7":{"start":{"line":16,"column":21},"end":{"line":16,"column":53}},"8":{"start":{"line":22,"column":27},"end":{"line":22,"column":136}},"9":{"start":{"line":25,"column":13},"end":{"line":32,"column":3}},"10":{"start":{"line":35,"column":13},"end":{"line":42,"column":2}},"11":{"start":{"line":44,"column":13},"end":{"line":44,"column":59}},"12":{"start":{"line":46,"column":13},"end":{"line":46,"column":44}},"13":{"start":{"line":47,"column":13},"end":{"line":47,"column":64}},"14":{"start":{"line":49,"column":13},"end":{"line":49,"column":71}},"15":{"start":{"line":50,"column":13},"end":{"line":50,"column":51}},"16":{"start":{"line":53,"column":13},"end":{"line":56,"column":59}}},"fnMap":{"0":{"name":"(anonymous_0)","decl":{"start":{"line":16,"column":12},"end":{"line":16,"column":13}},"loc":{"start":{"line":16,"column":21},"end":{"line":16,"column":53}}}},"branchMap":{},"s":{"0":4,"1":4,"2":4,"3":4,"4":4,"5":4,"6":4,"7":9,"8":4,"9":4,"10":4,"11":4,"12":4,"13":4,"14":4,"15":4,"16":4},"f":{"0":9},"b":{}}
,"/Users/saimateovargas/Library/CloudStorage/OneDrive-Personal/Mateo Vargas/Proyectos/GARDEN/garden-mvp/garden-api/src/modules/caregiver-service/upload.middleware.ts": {"path":"/Users/saimateovargas/Library/CloudStorage/OneDrive-Personal/Mateo Vargas/Proyectos/GARDEN/garden-mvp/garden-api/src/modules/caregiver-service/upload.middleware.ts","statementMap":{"0":{"start":{"line":46,"column":0},"end":{"line":46,"column":7}},"1":{"start":{"line":1,"column":0},"end":{"line":1,"column":28}},"2":{"start":{"line":2,"column":0},"end":{"line":2,"column":26}},"3":{"start":{"line":3,"column":0},"end":{"line":3,"column":46}},"4":{"start":{"line":5,"column":0},"end":{"line":5,"column":58}},"5":{"start":{"line":6,"column":0},"end":{"line":6,"column":63}},"6":{"start":{"line":7,"column":0},"end":{"line":7,"column":97}},"7":{"start":{"line":8,"column":0},"end":{"line":8,"column":44}},"8":{"start":{"line":11,"column":16},"end":{"line":11,"column":38}},"9":{"start":{"line":18,"column":2},"end":{"line":21,"column":3}},"10":{"start":{"line":19,"column":4},"end":{"line":19,"column":101}},"11":{"start":{"line":20,"column":4},"end":{"line":20,"column":11}},"12":{"start":{"line":22,"column":2},"end":{"line":25,"column":3}},"13":{"start":{"line":23,"column":4},"end":{"line":23,"column":68}},"14":{"start":{"line":24,"column":4},"end":{"line":24,"column":11}},"15":{"start":{"line":26,"column":2},"end":{"line":26,"column":17}},"16":{"start":{"line":30,"column":13},"end":{"line":37,"column":36}},"17":{"start":{"line":39,"column":23},"end":{"line":39,"column":27}},"18":{"start":{"line":50,"column":2},"end":{"line":52,"column":3}},"19":{"start":{"line":51,"column":4},"end":{"line":51,"column":99}},"20":{"start":{"line":54,"column":17},"end":{"line":54,"column":49}},"21":{"start":{"line":55,"column":25},"end":{"line":55,"column":27}},"22":{"start":{"line":57,"column":2},"end":{"line":81,"column":3}},"23":{"start":{"line":57,"column":15},"end":{"line":57,"column":16}},"24":{"start":{"line":58,"column":22},"end":{"line":61,"column":17}},"25":{"start":{"line":63,"column":19},"end":{"line":77,"column":6}},"26":{"start":{"line":64,"column":21},"end":{"line":74,"column":null}},"27":{"start":{"line":71,"column":10},"end":{"line":73,"column":64}},"28":{"start":{"line":71,"column":19},"end":{"line":71,"column":31}},"29":{"start":{"line":72,"column":15},"end":{"line":73,"column":64}},"30":{"start":{"line":72,"column":24},"end":{"line":72,"column":64}},"31":{"start":{"line":73,"column":15},"end":{"line":73,"column":64}},"32":{"start":{"line":76,"column":6},"end":{"line":76,"column":28}},"33":{"start":{"line":79,"column":4},"end":{"line":79,"column":33}},"34":{"start":{"line":80,"column":4},"end":{"line":80,"column":71}},"35":{"start":{"line":83,"column":2},"end":{"line":83,"column":14}}},"fnMap":{"0":{"name":"fileFilter","decl":{"start":{"line":13,"column":9},"end":{"line":13,"column":19}},"loc":{"start":{"line":16,"column":31},"end":{"line":27,"column":1}}},"1":{"name":"processAndUploadToCloudinary","decl":{"start":{"line":46,"column":22},"end":{"line":46,"column":50}},"loc":{"start":{"line":48,"column":16},"end":{"line":84,"column":1}}},"2":{"name":"(anonymous_3)","decl":{"start":{"line":63,"column":61},"end":{"line":63,"column":62}},"loc":{"start":{"line":63,"column":81},"end":{"line":77,"column":5}}},"3":{"name":"(anonymous_4)","decl":{"start":{"line":70,"column":8},"end":{"line":70,"column":9}},"loc":{"start":{"line":70,"column":21},"end":{"line":74,"column":9}}}},"branchMap":{"0":{"loc":{"start":{"line":18,"column":2},"end":{"line":21,"column":3}},"type":"if","locations":[{"start":{"line":18,"column":2},"end":{"line":21,"column":3}}]},"1":{"loc":{"start":{"line":18,"column":6},"end":{"line":18,"column":106}},"type":"binary-expr","locations":[{"start":{"line":18,"column":6},"end":{"line":18,"column":20}},{"start":{"line":18,"column":24},"end":{"line":18,"column":106}}]},"2":{"loc":{"start":{"line":22,"column":2},"end":{"line":25,"column":3}},"type":"if","locations":[{"start":{"line":22,"column":2},"end":{"line":25,"column":3}}]},"3":{"loc":{"start":{"line":50,"column":2},"end":{"line":52,"column":3}},"type":"if","locations":[{"start":{"line":50,"column":2},"end":{"line":52,"column":3}}]},"4":{"loc":{"start":{"line":50,"column":6},"end":{"line":50,"column":74}},"type":"binary-expr","locations":[{"start":{"line":50,"column":6},"end":{"line":50,"column":38}},{"start":{"line":50,"column":42},"end":{"line":50,"column":74}}]},"5":{"loc":{"start":{"line":71,"column":10},"end":{"line":73,"column":64}},"type":"if","locations":[{"start":{"line":71,"column":10},"end":{"line":73,"column":64}},{"start":{"line":72,"column":15},"end":{"line":73,"column":64}}]},"6":{"loc":{"start":{"line":72,"column":15},"end":{"line":73,"column":64}},"type":"if","locations":[{"start":{"line":72,"column":15},"end":{"line":73,"column":64}},{"start":{"line":73,"column":15},"end":{"line":73,"column":64}}]}},"s":{"0":1,"1":1,"2":1,"3":1,"4":1,"5":1,"6":1,"7":1,"8":1,"9":0,"10":0,"11":0,"12":0,"13":0,"14":0,"15":0,"16":1,"17":1,"18":5,"19":3,"20":2,"21":2,"22":2,"23":2,"24":8,"25":8,"26":8,"27":8,"28":0,"29":8,"30":8,"31":0,"32":8,"33":8,"34":8,"35":2},"f":{"0":0,"1":5,"2":8,"3":8},"b":{"0":[0],"1":[0,0],"2":[0],"3":[3],"4":[5,3],"5":[0,8],"6":[8,0]}}
,"/Users/saimateovargas/Library/CloudStorage/OneDrive-Personal/Mateo Vargas/Proyectos/GARDEN/garden-mvp/garden-api/src/modules/payment-service/payment.routes.ts": {"path":"/Users/saimateovargas/Library/CloudStorage/OneDrive-Personal/Mateo Vargas/Proyectos/GARDEN/garden-mvp/garden-api/src/modules/payment-service/payment.routes.ts","statementMap":{"0":{"start":{"line":1,"column":0},"end":{"line":1,"column":52}},"1":{"start":{"line":3,"column":0},"end":{"line":3,"column":71}},"2":{"start":{"line":4,"column":0},"end":{"line":4,"column":69}},"3":{"start":{"line":5,"column":0},"end":{"line":5,"column":61}},"4":{"start":{"line":6,"column":0},"end":{"line":6,"column":55}},"5":{"start":{"line":8,"column":15},"end":{"line":8,"column":23}},"6":{"start":{"line":15,"column":0},"end":{"line":42,"column":2}},"7":{"start":{"line":19,"column":19},"end":{"line":19,"column":31}},"8":{"start":{"line":20,"column":49},"end":{"line":20,"column":null}},"9":{"start":{"line":25,"column":4},"end":{"line":30,"column":5}},"10":{"start":{"line":26,"column":6},"end":{"line":29,"column":9}},"11":{"start":{"line":31,"column":20},"end":{"line":31,"column":55}},"12":{"start":{"line":32,"column":20},"end":{"line":32,"column":85}},"13":{"start":{"line":33,"column":19},"end":{"line":33,"column":75}},"14":{"start":{"line":34,"column":19},"end":{"line":38,"column":null}},"15":{"start":{"line":40,"column":4},"end":{"line":40,"column":46}},"16":{"start":{"line":45,"column":13},"end":{"line":45,"column":38}},"17":{"start":{"line":46,"column":0},"end":{"line":74,"column":3}},"18":{"start":{"line":47,"column":19},"end":{"line":47,"column":65}},"19":{"start":{"line":48,"column":14},"end":{"line":48,"column":45}},"20":{"start":{"line":49,"column":2},"end":{"line":52,"column":3}},"21":{"start":{"line":50,"column":4},"end":{"line":50,"column":64}},"22":{"start":{"line":51,"column":4},"end":{"line":51,"column":11}},"23":{"start":{"line":53,"column":2},"end":{"line":56,"column":3}},"24":{"start":{"line":54,"column":4},"end":{"line":54,"column":50}},"25":{"start":{"line":55,"column":4},"end":{"line":55,"column":11}},"26":{"start":{"line":58,"column":2},"end":{"line":64,"column":3}},"27":{"start":{"line":59,"column":4},"end":{"line":59,"column":80}},"28":{"start":{"line":61,"column":20},"end":{"line":61,"column":72}},"29":{"start":{"line":62,"column":4},"end":{"line":62,"column":78}},"30":{"start":{"line":63,"column":4},"end":{"line":63,"column":11}},"31":{"start":{"line":65,"column":2},"end":{"line":72,"column":3}},"32":{"start":{"line":66,"column":20},"end":{"line":66,"column":64}},"33":{"start":{"line":67,"column":4},"end":{"line":70,"column":43}},"34":{"start":{"line":69,"column":18},"end":{"line":69,"column":40}},"35":{"start":{"line":70,"column":19},"end":{"line":70,"column":41}},"36":{"start":{"line":71,"column":4},"end":{"line":71,"column":11}},"37":{"start":{"line":73,"column":2},"end":{"line":73,"column":25}},"38":{"start":{"line":76,"column":0},"end":{"line":76,"column":22}}},"fnMap":{"0":{"name":"(anonymous_9)","decl":{"start":{"line":18,"column":15},"end":{"line":18,"column":20}},"loc":{"start":{"line":18,"column":53},"end":{"line":41,"column":3}}},"1":{"name":"(anonymous_10)","decl":{"start":{"line":31,"column":20},"end":{"line":31,"column":33}},"loc":{"start":{"line":31,"column":20},"end":{"line":31,"column":55}}},"2":{"name":"(anonymous_11)","decl":{"start":{"line":46,"column":24},"end":{"line":46,"column":25}},"loc":{"start":{"line":46,"column":56},"end":{"line":74,"column":1}}},"3":{"name":"(anonymous_12)","decl":{"start":{"line":69,"column":12},"end":{"line":69,"column":15}},"loc":{"start":{"line":69,"column":18},"end":{"line":69,"column":40}}},"4":{"name":"(anonymous_13)","decl":{"start":{"line":70,"column":13},"end":{"line":70,"column":16}},"loc":{"start":{"line":70,"column":19},"end":{"line":70,"column":41}}}},"branchMap":{"0":{"loc":{"start":{"line":25,"column":4},"end":{"line":30,"column":5}},"type":"if","locations":[{"start":{"line":25,"column":4},"end":{"line":30,"column":5}}]},"1":{"loc":{"start":{"line":32,"column":20},"end":{"line":32,"column":85}},"type":"binary-expr","locations":[{"start":{"line":32,"column":20},"end":{"line":32,"column":30}},{"start":{"line":32,"column":34},"end":{"line":32,"column":85}}]},"2":{"loc":{"start":{"line":33,"column":19},"end":{"line":33,"column":75}},"type":"binary-expr","locations":[{"start":{"line":33,"column":19},"end":{"line":33,"column":28}},{"start":{"line":33,"column":32},"end":{"line":33,"column":75}}]},"3":{"loc":{"start":{"line":49,"column":2},"end":{"line":52,"column":3}},"type":"if","locations":[{"start":{"line":49,"column":2},"end":{"line":52,"column":3}}]},"4":{"loc":{"start":{"line":49,"column":6},"end":{"line":49,"column":48}},"type":"binary-expr","locations":[{"start":{"line":49,"column":6},"end":{"line":49,"column":28}},{"start":{"line":49,"column":32},"end":{"line":49,"column":36}},{"start":{"line":49,"column":40},"end":{"line":49,"column":48}}]},"5":{"loc":{"start":{"line":53,"column":2},"end":{"line":56,"column":3}},"type":"if","locations":[{"start":{"line":53,"column":2},"end":{"line":56,"column":3}}]},"6":{"loc":{"start":{"line":61,"column":20},"end":{"line":61,"column":72}},"type":"cond-expr","locations":[{"start":{"line":61,"column":43},"end":{"line":61,"column":54}},{"start":{"line":61,"column":57},"end":{"line":61,"column":72}}]},"7":{"loc":{"start":{"line":65,"column":2},"end":{"line":72,"column":3}},"type":"if","locations":[{"start":{"line":65,"column":2},"end":{"line":72,"column":3}}]}},"s":{"0":1,"1":1,"2":1,"3":1,"4":1,"5":1,"6":1,"7":0,"8":0,"9":0,"10":0,"11":0,"12":0,"13":0,"14":0,"15":0,"16":1,"17":1,"18":0,"19":0,"20":0,"21":0,"22":0,"23":0,"24":0,"25":0,"26":0,"27":0,"28":0,"29":0,"30":0,"31":0,"32":0,"33":0,"34":0,"35":0,"36":0,"37":0,"38":1},"f":{"0":0,"1":0,"2":0,"3":0,"4":0},"b":{"0":[0],"1":[0,0],"2":[0,0],"3":[0],"4":[0,0,0],"5":[0],"6":[0,0],"7":[0]}}
,"/Users/saimateovargas/Library/CloudStorage/OneDrive-Personal/Mateo Vargas/Proyectos/GARDEN/garden-mvp/garden-api/src/modules/payment-service/payment.service.ts": {"path":"/Users/saimateovargas/Library/CloudStorage/OneDrive-Personal/Mateo Vargas/Proyectos/GARDEN/garden-mvp/garden-api/src/modules/payment-service/payment.service.ts","statementMap":{"0":{"start":{"line":12,"column":0},"end":{"line":12,"column":7}},"1":{"start":{"line":84,"column":0},"end":{"line":84,"column":7}},"2":{"start":{"line":1,"column":0},"end":{"line":1,"column":47}},"3":{"start":{"line":3,"column":0},"end":{"line":3,"column":46}},"4":{"start":{"line":4,"column":0},"end":{"line":4,"column":48}},"5":{"start":{"line":6,"column":0},"end":{"line":6,"column":72}},"6":{"start":{"line":7,"column":0},"end":{"line":7,"column":44}},"7":{"start":{"line":10,"column":24},"end":{"line":10,"column":27}},"8":{"start":{"line":18,"column":2},"end":{"line":20,"column":3}},"9":{"start":{"line":19,"column":4},"end":{"line":19,"column":83}},"10":{"start":{"line":22,"column":18},"end":{"line":25,"column":4}},"11":{"start":{"line":27,"column":2},"end":{"line":29,"column":3}},"12":{"start":{"line":28,"column":4},"end":{"line":28,"column":53}},"13":{"start":{"line":30,"column":2},"end":{"line":32,"column":3}},"14":{"start":{"line":31,"column":4},"end":{"line":31,"column":72}},"15":{"start":{"line":33,"column":2},"end":{"line":35,"column":3}},"16":{"start":{"line":34,"column":4},"end":{"line":34,"column":60}},"17":{"start":{"line":37,"column":25},"end":{"line":37,"column":74}},"18":{"start":{"line":38,"column":2},"end":{"line":40,"column":3}},"19":{"start":{"line":39,"column":4},"end":{"line":39,"column":60}},"20":{"start":{"line":42,"column":18},"end":{"line":67,"column":4}},"21":{"start":{"line":69,"column":2},"end":{"line":72,"column":5}},"22":{"start":{"line":74,"column":2},"end":{"line":74,"column":87}},"23":{"start":{"line":76,"column":14},"end":{"line":76,"column":25}},"24":{"start":{"line":77,"column":2},"end":{"line":79,"column":3}},"25":{"start":{"line":78,"column":4},"end":{"line":78,"column":67}},"26":{"start":{"line":81,"column":2},"end":{"line":81,"column":40}},"27":{"start":{"line":85,"column":20},"end":{"line":85,"column":78}},"28":{"start":{"line":86,"column":2},"end":{"line":91,"column":3}},"29":{"start":{"line":87,"column":4},"end":{"line":89,"column":7}},"30":{"start":{"line":90,"column":4},"end":{"line":90,"column":11}},"31":{"start":{"line":93,"column":18},"end":{"line":95,"column":4}},"32":{"start":{"line":97,"column":2},"end":{"line":100,"column":3}},"33":{"start":{"line":98,"column":4},"end":{"line":98,"column":68}},"34":{"start":{"line":99,"column":4},"end":{"line":99,"column":11}},"35":{"start":{"line":101,"column":2},"end":{"line":104,"column":3}},"36":{"start":{"line":102,"column":4},"end":{"line":102,"column":71}},"37":{"start":{"line":103,"column":4},"end":{"line":103,"column":11}},"38":{"start":{"line":107,"column":4},"end":{"line":109,"column":34}},"39":{"start":{"line":111,"column":2},"end":{"line":118,"column":5}},"40":{"start":{"line":120,"column":2},"end":{"line":123,"column":5}}},"fnMap":{"0":{"name":"createCheckoutSession","decl":{"start":{"line":12,"column":22},"end":{"line":12,"column":43}},"loc":{"start":{"line":16,"column":18},"end":{"line":82,"column":1}}},"1":{"name":"handleCheckoutCompleted","decl":{"start":{"line":84,"column":22},"end":{"line":84,"column":45}},"loc":{"start":{"line":84,"column":78},"end":{"line":124,"column":1}}}},"branchMap":{"0":{"loc":{"start":{"line":18,"column":2},"end":{"line":20,"column":3}},"type":"if","locations":[{"start":{"line":18,"column":2},"end":{"line":20,"column":3}}]},"1":{"loc":{"start":{"line":27,"column":2},"end":{"line":29,"column":3}},"type":"if","locations":[{"start":{"line":27,"column":2},"end":{"line":29,"column":3}}]},"2":{"loc":{"start":{"line":30,"column":2},"end":{"line":32,"column":3}},"type":"if","locations":[{"start":{"line":30,"column":2},"end":{"line":32,"column":3}}]},"3":{"loc":{"start":{"line":33,"column":2},"end":{"line":35,"column":3}},"type":"if","locations":[{"start":{"line":33,"column":2},"end":{"line":35,"column":3}}]},"4":{"loc":{"start":{"line":38,"column":2},"end":{"line":40,"column":3}},"type":"if","locations":[{"start":{"line":38,"column":2},"end":{"line":40,"column":3}}]},"5":{"loc":{"start":{"line":52,"column":38},"end":{"line":52,"column":97}},"type":"cond-expr","locations":[{"start":{"line":52,"column":76},"end":{"line":52,"column":87}},{"start":{"line":52,"column":90},"end":{"line":52,"column":97}}]},"6":{"loc":{"start":{"line":54,"column":20},"end":{"line":54,"column":96}},"type":"cond-expr","locations":[{"start":{"line":54,"column":54},"end":{"line":54,"column":84}},{"start":{"line":54,"column":87},"end":{"line":54,"column":96}}]},"7":{"loc":{"start":{"line":77,"column":2},"end":{"line":79,"column":3}},"type":"if","locations":[{"start":{"line":77,"column":2},"end":{"line":79,"column":3}}]},"8":{"loc":{"start":{"line":85,"column":20},"end":{"line":85,"column":78}},"type":"binary-expr","locations":[{"start":{"line":85,"column":20},"end":{"line":85,"column":47}},{"start":{"line":85,"column":51},"end":{"line":85,"column":78}}]},"9":{"loc":{"start":{"line":86,"column":2},"end":{"line":91,"column":3}},"type":"if","locations":[{"start":{"line":86,"column":2},"end":{"line":91,"column":3}}]},"10":{"loc":{"start":{"line":97,"column":2},"end":{"line":100,"column":3}},"type":"if","locations":[{"start":{"line":97,"column":2},"end":{"line":100,"column":3}}]},"11":{"loc":{"start":{"line":101,"column":2},"end":{"line":104,"column":3}},"type":"if","locations":[{"start":{"line":101,"column":2},"end":{"line":104,"column":3}}]},"12":{"loc":{"start":{"line":107,"column":4},"end":{"line":109,"column":34}},"type":"cond-expr","locations":[{"start":{"line":108,"column":8},"end":{"line":108,"column":30}},{"start":{"line":109,"column":8},"end":{"line":109,"column":34}}]},"13":{"loc":{"start":{"line":116,"column":29},"end":{"line":116,"column":57}},"type":"binary-expr","locations":[{"start":{"line":116,"column":29},"end":{"line":116,"column":44}},{"start":{"line":116,"column":48},"end":{"line":116,"column":57}}]}},"s":{"0":1,"1":1,"2":1,"3":1,"4":1,"5":1,"6":1,"7":1,"8":0,"9":0,"10":0,"11":0,"12":0,"13":0,"14":0,"15":0,"16":0,"17":0,"18":0,"19":0,"20":0,"21":0,"22":0,"23":0,"24":0,"25":0,"26":0,"27":0,"28":0,"29":0,"30":0,"31":0,"32":0,"33":0,"34":0,"35":0,"36":0,"37":0,"38":0,"39":0,"40":0},"f":{"0":0,"1":0},"b":{"0":[0],"1":[0],"2":[0],"3":[0],"4":[0],"5":[0,0],"6":[0,0],"7":[0],"8":[0,0],"9":[0],"10":[0],"11":[0],"12":[0,0],"13":[0,0]}}
,"/Users/saimateovargas/Library/CloudStorage/OneDrive-Personal/Mateo Vargas/Proyectos/GARDEN/garden-mvp/garden-api/src/modules/user-service/user.routes.ts": {"path":"/Users/saimateovargas/Library/CloudStorage/OneDrive-Personal/Mateo Vargas/Proyectos/GARDEN/garden-mvp/garden-api/src/modules/user-service/user.routes.ts","statementMap":{"0":{"start":{"line":1,"column":0},"end":{"line":1,"column":33}},"1":{"start":{"line":2,"column":0},"end":{"line":2,"column":44}},"2":{"start":{"line":3,"column":0},"end":{"line":3,"column":55}},"3":{"start":{"line":4,"column":0},"end":{"line":4,"column":61}},"4":{"start":{"line":6,"column":15},"end":{"line":6,"column":23}},"5":{"start":{"line":8,"column":0},"end":{"line":15,"column":2}},"6":{"start":{"line":11,"column":17},"end":{"line":11,"column":46}},"7":{"start":{"line":12,"column":4},"end":{"line":12,"column":64}},"8":{"start":{"line":12,"column":15},"end":{"line":12,"column":64}},"9":{"start":{"line":13,"column":4},"end":{"line":13,"column":44}},"10":{"start":{"line":17,"column":0},"end":{"line":17,"column":22}}},"fnMap":{"0":{"name":"(anonymous_0)","decl":{"start":{"line":10,"column":15},"end":{"line":10,"column":20}},"loc":{"start":{"line":10,"column":34},"end":{"line":14,"column":3}}}},"branchMap":{"0":{"loc":{"start":{"line":12,"column":4},"end":{"line":12,"column":64}},"type":"if","locations":[{"start":{"line":12,"column":4},"end":{"line":12,"column":64}}]}},"s":{"0":1,"1":1,"2":1,"3":1,"4":1,"5":1,"6":0,"7":0,"8":0,"9":0,"10":1},"f":{"0":0},"b":{"0":[0]}}
,"/Users/saimateovargas/Library/CloudStorage/OneDrive-Personal/Mateo Vargas/Proyectos/GARDEN/garden-mvp/garden-api/src/modules/user-service/user.service.ts": {"path":"/Users/saimateovargas/Library/CloudStorage/OneDrive-Personal/Mateo Vargas/Proyectos/GARDEN/garden-mvp/garden-api/src/modules/user-service/user.service.ts","statementMap":{"0":{"start":{"line":4,"column":0},"end":{"line":4,"column":7}},"1":{"start":{"line":1,"column":0},"end":{"line":1,"column":46}},"2":{"start":{"line":5,"column":15},"end":{"line":17,"column":4}},"3":{"start":{"line":18,"column":2},"end":{"line":18,"column":35}}},"fnMap":{"0":{"name":"getById","decl":{"start":{"line":4,"column":22},"end":{"line":4,"column":29}},"loc":{"start":{"line":4,"column":40},"end":{"line":19,"column":1}}}},"branchMap":{},"s":{"0":1,"1":1,"2":0,"3":0},"f":{"0":0},"b":{}}
,"/Users/saimateovargas/Library/CloudStorage/OneDrive-Personal/Mateo Vargas/Proyectos/GARDEN/garden-mvp/garden-api/src/shared/async-handler.ts": {"path":"/Users/saimateovargas/Library/CloudStorage/OneDrive-Personal/Mateo Vargas/Proyectos/GARDEN/garden-mvp/garden-api/src/shared/async-handler.ts","statementMap":{"0":{"start":{"line":9,"column":0},"end":{"line":9,"column":16}},"1":{"start":{"line":10,"column":2},"end":{"line":12,"column":4}},"2":{"start":{"line":11,"column":4},"end":{"line":11,"column":52}}},"fnMap":{"0":{"name":"asyncHandler","decl":{"start":{"line":9,"column":16},"end":{"line":9,"column":28}},"loc":{"start":{"line":9,"column":52},"end":{"line":13,"column":1}}},"1":{"name":"(anonymous_1)","decl":{"start":{"line":10,"column":9},"end":{"line":10,"column":10}},"loc":{"start":{"line":10,"column":67},"end":{"line":12,"column":3}}}},"branchMap":{},"s":{"0":1,"1":7,"2":7},"f":{"0":7,"1":7},"b":{}}
,"/Users/saimateovargas/Library/CloudStorage/OneDrive-Personal/Mateo Vargas/Proyectos/GARDEN/garden-mvp/garden-api/src/shared/error-handler.ts": {"path":"/Users/saimateovargas/Library/CloudStorage/OneDrive-Personal/Mateo Vargas/Proyectos/GARDEN/garden-mvp/garden-api/src/shared/error-handler.ts","statementMap":{"0":{"start":{"line":6,"column":0},"end":{"line":6,"column":16}},"1":{"start":{"line":2,"column":0},"end":{"line":2,"column":31}},"2":{"start":{"line":3,"column":0},"end":{"line":3,"column":39}},"3":{"start":{"line":4,"column":0},"end":{"line":4,"column":33}},"4":{"start":{"line":12,"column":2},"end":{"line":17,"column":3}},"5":{"start":{"line":13,"column":4},"end":{"line":16,"column":7}},"6":{"start":{"line":19,"column":2},"end":{"line":29,"column":3}},"7":{"start":{"line":20,"column":20},"end":{"line":24,"column":25}},"8":{"start":{"line":22,"column":27},"end":{"line":22,"column":64}},"9":{"start":{"line":25,"column":4},"end":{"line":28,"column":7}},"10":{"start":{"line":31,"column":2},"end":{"line":31,"column":76}},"11":{"start":{"line":32,"column":2},"end":{"line":35,"column":5}}},"fnMap":{"0":{"name":"errorHandler","decl":{"start":{"line":6,"column":16},"end":{"line":6,"column":28}},"loc":{"start":{"line":10,"column":21},"end":{"line":36,"column":1}}},"1":{"name":"(anonymous_2)","decl":{"start":{"line":22,"column":15},"end":{"line":22,"column":16}},"loc":{"start":{"line":22,"column":27},"end":{"line":22,"column":64}}}},"branchMap":{"0":{"loc":{"start":{"line":12,"column":2},"end":{"line":17,"column":3}},"type":"if","locations":[{"start":{"line":12,"column":2},"end":{"line":17,"column":3}}]},"1":{"loc":{"start":{"line":19,"column":2},"end":{"line":29,"column":3}},"type":"if","locations":[{"start":{"line":19,"column":2},"end":{"line":29,"column":3}}]},"2":{"loc":{"start":{"line":20,"column":20},"end":{"line":24,"column":25}},"type":"cond-expr","locations":[{"start":{"line":21,"column":8},"end":{"line":23,"column":21}},{"start":{"line":24,"column":8},"end":{"line":24,"column":25}}]}},"s":{"0":1,"1":1,"2":1,"3":1,"4":1,"5":1,"6":0,"7":0,"8":0,"9":0,"10":0,"11":0},"f":{"0":1,"1":0},"b":{"0":[1],"1":[0],"2":[0,0]}}
,"/Users/saimateovargas/Library/CloudStorage/OneDrive-Personal/Mateo Vargas/Proyectos/GARDEN/garden-mvp/garden-api/src/shared/errors.ts": {"path":"/Users/saimateovargas/Library/CloudStorage/OneDrive-Personal/Mateo Vargas/Proyectos/GARDEN/garden-mvp/garden-api/src/shared/errors.ts","statementMap":{"0":{"start":{"line":13,"column":4},"end":{"line":13,"column":19}},"1":{"start":{"line":9,"column":20},"end":{"line":9,"column":38}},"2":{"start":{"line":10,"column":20},"end":{"line":10,"column":32}},"3":{"start":{"line":11,"column":20},"end":{"line":11,"column":36}},"4":{"start":{"line":14,"column":4},"end":{"line":14,"column":38}},"5":{"start":{"line":15,"column":4},"end":{"line":15,"column":52}},"6":{"start":{"line":6,"column":0},"end":{"line":6,"column":13}},"7":{"start":{"line":21,"column":4},"end":{"line":21,"column":30}},"8":{"start":{"line":19,"column":0},"end":{"line":19,"column":13}},"9":{"start":{"line":27,"column":4},"end":{"line":27,"column":30}},"10":{"start":{"line":25,"column":0},"end":{"line":25,"column":13}},"11":{"start":{"line":33,"column":4},"end":{"line":33,"column":30}},"12":{"start":{"line":31,"column":0},"end":{"line":31,"column":13}},"13":{"start":{"line":39,"column":4},"end":{"line":39,"column":30}},"14":{"start":{"line":37,"column":0},"end":{"line":37,"column":13}},"15":{"start":{"line":45,"column":4},"end":{"line":45,"column":30}},"16":{"start":{"line":43,"column":0},"end":{"line":43,"column":13}},"17":{"start":{"line":52,"column":4},"end":{"line":52,"column":25}},"18":{"start":{"line":50,"column":0},"end":{"line":50,"column":13}},"19":{"start":{"line":58,"column":4},"end":{"line":58,"column":66}},"20":{"start":{"line":56,"column":0},"end":{"line":56,"column":13}},"21":{"start":{"line":64,"column":4},"end":{"line":64,"column":41}},"22":{"start":{"line":62,"column":0},"end":{"line":62,"column":13}}},"fnMap":{"0":{"name":"(anonymous_0)","decl":{"start":{"line":7,"column":2},"end":{"line":7,"column":null}},"loc":{"start":{"line":11,"column":40},"end":{"line":16,"column":3}}},"1":{"name":"(anonymous_1)","decl":{"start":{"line":20,"column":2},"end":{"line":20,"column":14}},"loc":{"start":{"line":20,"column":51},"end":{"line":22,"column":3}}},"2":{"name":"(anonymous_2)","decl":{"start":{"line":26,"column":2},"end":{"line":26,"column":14}},"loc":{"start":{"line":26,"column":62},"end":{"line":28,"column":3}}},"3":{"name":"(anonymous_3)","decl":{"start":{"line":32,"column":2},"end":{"line":32,"column":14}},"loc":{"start":{"line":32,"column":61},"end":{"line":34,"column":3}}},"4":{"name":"(anonymous_4)","decl":{"start":{"line":38,"column":2},"end":{"line":38,"column":14}},"loc":{"start":{"line":38,"column":49},"end":{"line":40,"column":3}}},"5":{"name":"(anonymous_5)","decl":{"start":{"line":44,"column":2},"end":{"line":44,"column":14}},"loc":{"start":{"line":44,"column":48},"end":{"line":46,"column":3}}},"6":{"name":"(anonymous_6)","decl":{"start":{"line":51,"column":2},"end":{"line":51,"column":14}},"loc":{"start":{"line":51,"column":60},"end":{"line":53,"column":3}}},"7":{"name":"(anonymous_7)","decl":{"start":{"line":57,"column":2},"end":{"line":57,"column":14}},"loc":{"start":{"line":57,"column":24},"end":{"line":59,"column":3}}},"8":{"name":"(anonymous_8)","decl":{"start":{"line":63,"column":2},"end":{"line":63,"column":14}},"loc":{"start":{"line":63,"column":29},"end":{"line":65,"column":3}}}},"branchMap":{"0":{"loc":{"start":{"line":11,"column":20},"end":{"line":11,"column":40}},"type":"default-arg","locations":[{"start":{"line":11,"column":36},"end":{"line":11,"column":40}}]},"1":{"loc":{"start":{"line":20,"column":31},"end":{"line":20,"column":51}},"type":"default-arg","locations":[{"start":{"line":20,"column":38},"end":{"line":20,"column":51}}]},"2":{"loc":{"start":{"line":26,"column":14},"end":{"line":26,"column":39}},"type":"default-arg","locations":[{"start":{"line":26,"column":24},"end":{"line":26,"column":39}}]},"3":{"loc":{"start":{"line":26,"column":41},"end":{"line":26,"column":62}},"type":"default-arg","locations":[{"start":{"line":26,"column":48},"end":{"line":26,"column":62}}]},"4":{"loc":{"start":{"line":32,"column":14},"end":{"line":32,"column":41}},"type":"default-arg","locations":[{"start":{"line":32,"column":24},"end":{"line":32,"column":41}}]},"5":{"loc":{"start":{"line":32,"column":43},"end":{"line":32,"column":61}},"type":"default-arg","locations":[{"start":{"line":32,"column":50},"end":{"line":32,"column":61}}]},"6":{"loc":{"start":{"line":38,"column":31},"end":{"line":38,"column":49}},"type":"default-arg","locations":[{"start":{"line":38,"column":38},"end":{"line":38,"column":49}}]},"7":{"loc":{"start":{"line":44,"column":31},"end":{"line":44,"column":48}},"type":"default-arg","locations":[{"start":{"line":44,"column":38},"end":{"line":44,"column":48}}]},"8":{"loc":{"start":{"line":51,"column":31},"end":{"line":51,"column":60}},"type":"default-arg","locations":[{"start":{"line":51,"column":38},"end":{"line":51,"column":60}}]}},"s":{"0":12,"1":12,"2":12,"3":12,"4":12,"5":12,"6":4,"7":9,"8":4,"9":0,"10":4,"11":0,"12":4,"13":2,"14":4,"15":1,"16":4,"17":6,"18":4,"19":2,"20":4,"21":3,"22":4},"f":{"0":12,"1":9,"2":0,"3":0,"4":2,"5":1,"6":6,"7":2,"8":3},"b":{"0":[12],"1":[0],"2":[0],"3":[0],"4":[0],"5":[0],"6":[0],"7":[1],"8":[6]}}
,"/Users/saimateovargas/Library/CloudStorage/OneDrive-Personal/Mateo Vargas/Proyectos/GARDEN/garden-mvp/garden-api/src/shared/logger.ts": {"path":"/Users/saimateovargas/Library/CloudStorage/OneDrive-Personal/Mateo Vargas/Proyectos/GARDEN/garden-mvp/garden-api/src/shared/logger.ts","statementMap":{"0":{"start":{"line":1,"column":0},"end":{"line":1,"column":30}},"1":{"start":{"line":3,"column":14},"end":{"line":3,"column":45}},"2":{"start":{"line":5,"column":15},"end":{"line":17,"column":2}},"3":{"start":{"line":19,"column":0},"end":{"line":28,"column":1}},"4":{"start":{"line":20,"column":2},"end":{"line":27,"column":4}},"5":{"start":{"line":30,"column":0},"end":{"line":30,"column":22}}},"fnMap":{},"branchMap":{"0":{"loc":{"start":{"line":3,"column":14},"end":{"line":3,"column":45}},"type":"binary-expr","locations":[{"start":{"line":3,"column":14},"end":{"line":3,"column":35}},{"start":{"line":3,"column":39},"end":{"line":3,"column":45}}]},"1":{"loc":{"start":{"line":19,"column":0},"end":{"line":28,"column":1}},"type":"if","locations":[{"start":{"line":19,"column":0},"end":{"line":28,"column":1}}]}},"s":{"0":2,"1":2,"2":2,"3":2,"4":2,"5":2},"f":{},"b":{"0":[2,2],"1":[2]}}
}
