TN:
SF:src/app.ts
FN:16,(anonymous_10)
FN:25,(anonymous_11)
FN:34,(anonymous_12)
FNF:3
FNH:2
FNDA:2,(anonymous_10)
FNDA:0,(anonymous_11)
FNDA:1,(anonymous_12)
DA:1,1
DA:2,1
DA:3,1
DA:4,1
DA:5,1
DA:6,1
DA:7,1
DA:8,1
DA:9,1
DA:11,1
DA:13,1
DA:14,1
DA:16,2
DA:22,1
DA:26,0
DA:27,0
DA:32,1
DA:34,1
DA:35,1
DA:38,1
DA:39,1
DA:40,1
DA:41,1
DA:43,1
DA:45,1
LF:25
LH:23
BRF:0
BRH:0
end_of_record
TN:
SF:src/config/cloudinary.ts
FN:12,(anonymous_0)
FNF:1
FNH:0
FNDA:0,(anonymous_0)
DA:1,1
DA:2,1
DA:4,1
DA:5,0
DA:12,1
DA:15,1
LF:6
LH:5
BRDA:4,0,0,0
BRDA:4,1,0,1
BRDA:4,1,1,0
BRDA:4,1,2,0
BRF:4
BRH:1
end_of_record
TN:
SF:src/config/env.ts
FNF:0
FNH:0
DA:1,2
DA:2,2
DA:4,2
DA:6,2
DA:26,2
DA:27,2
DA:28,0
DA:29,0
DA:32,2
LF:9
LH:7
BRDA:27,0,0,0
BRF:1
BRH:0
end_of_record
TN:
SF:src/modules/admin/admin.routes.ts
FN:11,(anonymous_9)
FN:16,(anonymous_10)
FN:29,(anonymous_11)
FNF:3
FNH:0
FNDA:0,(anonymous_9)
FNDA:0,(anonymous_10)
FNDA:0,(anonymous_11)
DA:1,1
DA:2,1
DA:3,1
DA:4,1
DA:6,1
DA:8,1
DA:9,1
DA:11,1
DA:12,0
DA:13,0
DA:16,0
DA:29,1
DA:30,0
DA:31,0
DA:34,1
LF:15
LH:10
BRDA:23,0,0,0
BRDA:23,0,1,0
BRF:2
BRH:0
end_of_record
TN:
SF:src/modules/admin/admin.service.ts
FN:5,toggleVerify
FN:36,listPendingCaregivers
FNF:2
FNH:2
FNDA:3,toggleVerify
FNDA:1,listPendingCaregivers
DA:1,2
DA:2,2
DA:3,2
DA:5,2
DA:6,3
DA:7,3
DA:9,2
DA:10,2
DA:11,2
DA:22,2
DA:31,2
DA:33,2
DA:36,2
DA:37,1
LF:14
LH:14
BRDA:7,0,0,1
BRDA:15,1,0,1
BRDA:15,1,1,1
BRDA:16,2,0,1
BRDA:16,2,1,1
BRDA:18,3,0,1
BRDA:18,3,1,1
BRDA:27,4,0,1
BRDA:27,4,1,1
BRF:9
BRH:9
end_of_record
TN:
SF:src/modules/caregiver-service/caregiver.controller.ts
FN:19,(anonymous_9)
FN:39,(anonymous_10)
FN:50,parseCaregiverBody
FN:59,(anonymous_12)
FN:77,uploadPhotos
FN:81,(anonymous_14)
FN:91,(anonymous_15)
FNF:7
FNH:6
FNDA:4,(anonymous_9)
FNDA:2,(anonymous_10)
FNDA:1,parseCaregiverBody
FNDA:0,(anonymous_12)
FNDA:1,uploadPhotos
FNDA:5,(anonymous_14)
FNDA:1,(anonymous_15)
DA:2,1
DA:3,1
DA:4,1
DA:10,1
DA:11,1
DA:12,1
DA:19,1
DA:20,4
DA:22,4
DA:25,4
DA:27,4
DA:36,4
DA:39,1
DA:40,2
DA:41,2
DA:42,2
DA:43,1
DA:51,1
DA:52,1
DA:53,1
DA:55,0
DA:56,0
DA:59,0
DA:61,0
DA:81,5
DA:82,1
DA:91,1
DA:92,1
DA:93,1
DA:95,1
DA:96,1
DA:98,0
DA:99,0
DA:101,0
DA:103,1
DA:105,1
DA:106,1
DA:108,1
DA:110,1
DA:111,1
DA:113,0
LF:41
LH:33
BRDA:22,0,0,1
BRDA:22,0,1,3
BRDA:22,1,0,4
BRDA:22,1,1,4
BRDA:23,2,0,0
BRDA:23,2,1,1
BRDA:25,3,0,1
BRDA:25,3,1,3
BRDA:28,4,0,4
BRDA:28,4,1,3
BRDA:29,5,0,1
BRDA:29,5,1,3
BRDA:42,6,0,1
BRDA:51,7,0,1
BRDA:51,8,0,1
BRDA:51,8,1,1
BRDA:53,9,0,1
BRDA:53,9,1,0
BRDA:56,10,0,0
BRDA:56,10,1,0
BRDA:58,11,0,0
BRDA:58,11,1,0
BRDA:58,12,0,0
BRDA:58,12,1,0
BRDA:64,13,0,0
BRDA:64,13,1,0
BRDA:64,14,0,0
BRDA:64,14,1,0
BRDA:66,15,0,0
BRDA:66,15,1,0
BRDA:66,16,0,0
BRDA:66,16,1,0
BRDA:67,17,0,0
BRDA:67,17,1,0
BRDA:67,18,0,0
BRDA:67,18,1,0
BRDA:68,19,0,0
BRDA:68,19,1,0
BRDA:68,20,0,0
BRDA:68,20,1,0
BRDA:93,21,0,1
BRDA:93,21,1,0
BRDA:98,22,0,0
BRDA:98,23,0,0
BRDA:98,23,1,0
BRDA:110,24,0,1
BRDA:110,24,1,0
BRF:47
BRH:18
end_of_record
TN:
SF:src/modules/caregiver-service/caregiver.routes.ts
FNF:0
FNH:0
DA:1,1
DA:2,1
DA:3,1
DA:4,1
DA:6,1
DA:8,1
DA:9,1
DA:12,1
DA:20,1
LF:9
LH:9
BRF:0
BRH:0
end_of_record
TN:
SF:src/modules/caregiver-service/caregiver.service.ts
FN:25,listCaregivers
FN:42,(anonymous_2)
FN:42,(anonymous_3)
FN:87,(anonymous_4)
FN:115,getCaregiverById
FN:172,(anonymous_6)
FN:187,validatePhotoCount
FN:195,validateBio
FN:202,createCaregiverProfile
FN:245,upsertCaregiverProfile
FN:269,(anonymous_11)
FN:302,mapProfileToListItem
FN:334,getCaregiverProfileByUserId
FNF:13
FNH:9
FNDA:6,listCaregivers
FNDA:0,(anonymous_2)
FNDA:0,(anonymous_3)
FNDA:2,(anonymous_4)
FNDA:3,getCaregiverById
FNDA:0,(anonymous_6)
FNDA:11,validatePhotoCount
FNDA:9,validateBio
FNDA:2,createCaregiverProfile
FNDA:4,upsertCaregiverProfile
FNDA:3,(anonymous_11)
FNDA:3,mapProfileToListItem
FNDA:0,getCaregiverProfileByUserId
DA:1,2
DA:3,2
DA:4,2
DA:5,2
DA:17,2
DA:19,2
DA:25,2
DA:26,6
DA:28,6
DA:36,6
DA:37,6
DA:39,6
DA:42,0
DA:44,6
DA:46,6
DA:51,6
DA:52,2
DA:55,6
DA:56,1
DA:57,1
DA:60,6
DA:61,0
DA:64,6
DA:65,1
DA:66,1
DA:67,0
DA:68,0
DA:70,0
DA:74,6
DA:85,6
DA:86,6
DA:87,2
DA:111,6
DA:112,6
DA:115,2
DA:116,3
DA:117,3
DA:118,3
DA:120,3
DA:139,3
DA:141,1
DA:142,1
DA:143,1
DA:144,0
DA:145,0
DA:146,0
DA:147,0
DA:148,0
DA:152,1
DA:172,0
DA:183,1
DA:184,1
DA:187,2
DA:188,11
DA:189,3
DA:195,2
DA:196,9
DA:197,1
DA:202,2
DA:207,2
DA:208,2
DA:210,2
DA:211,2
DA:212,1
DA:215,1
DA:216,1
DA:217,1
DA:220,0
DA:236,0
DA:245,2
DA:250,4
DA:251,4
DA:253,4
DA:254,4
DA:255,1
DA:258,3
DA:269,3
DA:270,3
DA:272,3
DA:273,1
DA:278,1
DA:281,2
DA:289,2
DA:292,3
DA:293,1
DA:296,3
DA:317,3
DA:334,2
DA:335,0
LF:89
LH:75
BRDA:26,0,0,0
BRDA:26,1,0,0
BRDA:29,2,0,6
BRDA:29,2,1,5
BRDA:30,3,0,2
BRDA:30,3,1,4
BRDA:30,4,0,4
BRDA:30,4,1,4
BRDA:31,5,0,6
BRDA:31,5,1,5
BRDA:32,6,0,6
BRDA:32,6,1,6
BRDA:37,7,0,0
BRDA:39,8,0,2
BRDA:39,8,1,4
BRDA:41,9,0,0
BRDA:41,9,1,4
BRDA:44,10,0,2
BRDA:44,10,1,4
BRDA:51,11,0,2
BRDA:55,12,0,1
BRDA:55,13,0,6
BRDA:55,13,1,1
BRDA:56,14,0,0
BRDA:56,14,1,1
BRDA:60,15,0,0
BRDA:64,16,0,1
BRDA:65,17,0,1
BRDA:65,17,1,0
BRDA:67,18,0,0
BRDA:67,18,1,0
BRDA:85,19,0,6
BRDA:85,19,1,4
BRDA:92,20,0,2
BRDA:92,20,1,0
BRDA:118,21,0,0
BRDA:139,22,0,2
BRDA:145,23,0,0
BRDA:145,23,1,0
BRDA:145,24,0,0
BRDA:145,24,1,0
BRDA:147,25,0,0
BRDA:147,26,0,0
BRDA:147,26,1,0
BRDA:157,27,0,1
BRDA:157,27,1,0
BRDA:188,28,0,3
BRDA:188,29,0,11
BRDA:188,29,1,9
BRDA:196,30,0,1
BRDA:211,31,0,1
BRDA:216,32,0,1
BRDA:216,33,0,1
BRDA:216,33,1,1
BRDA:254,34,0,1
BRDA:254,35,0,4
BRDA:254,35,1,4
BRDA:261,36,0,3
BRDA:261,36,1,2
BRDA:264,37,0,3
BRDA:264,37,1,2
BRDA:265,38,0,3
BRDA:265,38,1,2
BRDA:266,39,0,3
BRDA:266,39,1,2
BRDA:272,40,0,1
BRDA:292,41,0,1
BRDA:322,42,0,3
BRDA:322,42,1,0
BRF:69
BRH:49
end_of_record
TN:
SF:src/modules/caregiver-service/caregiver.validation.ts
FN:16,(anonymous_0)
FNF:1
FNH:1
FNDA:9,(anonymous_0)
DA:1,4
DA:2,4
DA:4,4
DA:5,4
DA:6,4
DA:7,4
DA:9,4
DA:16,9
DA:22,4
DA:25,4
DA:35,4
DA:44,4
DA:46,4
DA:47,4
DA:49,4
DA:50,4
DA:53,4
LF:17
LH:17
BRF:0
BRH:0
end_of_record
TN:
SF:src/modules/caregiver-service/upload.middleware.ts
FN:13,fileFilter
FN:46,processAndUploadToCloudinary
FN:63,(anonymous_3)
FN:70,(anonymous_4)
FNF:4
FNH:3
FNDA:0,fileFilter
FNDA:5,processAndUploadToCloudinary
FNDA:8,(anonymous_3)
FNDA:8,(anonymous_4)
DA:1,1
DA:2,1
DA:3,1
DA:5,1
DA:6,1
DA:7,1
DA:8,1
DA:11,1
DA:18,0
DA:19,0
DA:20,0
DA:22,0
DA:23,0
DA:24,0
DA:26,0
DA:30,1
DA:39,1
DA:46,1
DA:50,5
DA:51,3
DA:54,2
DA:55,2
DA:57,2
DA:58,8
DA:63,8
DA:64,8
DA:71,8
DA:72,8
DA:73,0
DA:76,8
DA:79,8
DA:80,8
DA:83,2
LF:33
LH:25
BRDA:18,0,0,0
BRDA:18,1,0,0
BRDA:18,1,1,0
BRDA:22,2,0,0
BRDA:50,3,0,3
BRDA:50,4,0,5
BRDA:50,4,1,3
BRDA:71,5,0,0
BRDA:71,5,1,8
BRDA:72,6,0,8
BRDA:72,6,1,0
BRF:11
BRH:5
end_of_record
TN:
SF:src/modules/payment-service/payment.routes.ts
FN:18,(anonymous_9)
FN:31,(anonymous_10)
FN:46,(anonymous_11)
FN:69,(anonymous_12)
FN:70,(anonymous_13)
FNF:5
FNH:0
FNDA:0,(anonymous_9)
FNDA:0,(anonymous_10)
FNDA:0,(anonymous_11)
FNDA:0,(anonymous_12)
FNDA:0,(anonymous_13)
DA:1,1
DA:3,1
DA:4,1
DA:5,1
DA:6,1
DA:8,1
DA:15,1
DA:19,0
DA:20,0
DA:25,0
DA:26,0
DA:31,0
DA:32,0
DA:33,0
DA:34,0
DA:40,0
DA:45,1
DA:46,1
DA:47,0
DA:48,0
DA:49,0
DA:50,0
DA:51,0
DA:53,0
DA:54,0
DA:55,0
DA:58,0
DA:59,0
DA:61,0
DA:62,0
DA:63,0
DA:65,0
DA:66,0
DA:67,0
DA:69,0
DA:70,0
DA:71,0
DA:73,0
DA:76,1
LF:39
LH:10
BRDA:25,0,0,0
BRDA:32,1,0,0
BRDA:32,1,1,0
BRDA:33,2,0,0
BRDA:33,2,1,0
BRDA:49,3,0,0
BRDA:49,4,0,0
BRDA:49,4,1,0
BRDA:49,4,2,0
BRDA:53,5,0,0
BRDA:61,6,0,0
BRDA:61,6,1,0
BRDA:65,7,0,0
BRF:13
BRH:0
end_of_record
TN:
SF:src/modules/payment-service/payment.service.ts
FN:12,createCheckoutSession
FN:84,handleCheckoutCompleted
FNF:2
FNH:0
FNDA:0,createCheckoutSession
FNDA:0,handleCheckoutCompleted
DA:1,1
DA:3,1
DA:4,1
DA:6,1
DA:7,1
DA:10,1
DA:12,1
DA:18,0
DA:19,0
DA:22,0
DA:27,0
DA:28,0
DA:30,0
DA:31,0
DA:33,0
DA:34,0
DA:37,0
DA:38,0
DA:39,0
DA:42,0
DA:69,0
DA:74,0
DA:76,0
DA:77,0
DA:78,0
DA:81,0
DA:84,1
DA:85,0
DA:86,0
DA:87,0
DA:90,0
DA:93,0
DA:97,0
DA:98,0
DA:99,0
DA:101,0
DA:102,0
DA:103,0
DA:107,0
DA:111,0
DA:120,0
LF:41
LH:8
BRDA:18,0,0,0
BRDA:27,1,0,0
BRDA:30,2,0,0
BRDA:33,3,0,0
BRDA:38,4,0,0
BRDA:52,5,0,0
BRDA:52,5,1,0
BRDA:54,6,0,0
BRDA:54,6,1,0
BRDA:77,7,0,0
BRDA:85,8,0,0
BRDA:85,8,1,0
BRDA:86,9,0,0
BRDA:97,10,0,0
BRDA:101,11,0,0
BRDA:107,12,0,0
BRDA:107,12,1,0
BRDA:116,13,0,0
BRDA:116,13,1,0
BRF:19
BRH:0
end_of_record
TN:
SF:src/modules/user-service/user.routes.ts
FN:10,(anonymous_0)
FNF:1
FNH:0
FNDA:0,(anonymous_0)
DA:1,1
DA:2,1
DA:3,1
DA:4,1
DA:6,1
DA:8,1
DA:11,0
DA:12,0
DA:13,0
DA:17,1
LF:10
LH:7
BRDA:12,0,0,0
BRF:1
BRH:0
end_of_record
TN:
SF:src/modules/user-service/user.service.ts
FN:4,getById
FNF:1
FNH:0
FNDA:0,getById
DA:1,1
DA:4,1
DA:5,0
DA:18,0
LF:4
LH:2
BRF:0
BRH:0
end_of_record
TN:
SF:src/shared/async-handler.ts
FN:9,asyncHandler
FN:10,(anonymous_1)
FNF:2
FNH:2
FNDA:7,asyncHandler
FNDA:7,(anonymous_1)
DA:9,1
DA:10,7
DA:11,7
LF:3
LH:3
BRF:0
BRH:0
end_of_record
TN:
SF:src/shared/error-handler.ts
FN:6,errorHandler
FN:22,(anonymous_2)
FNF:2
FNH:1
FNDA:1,errorHandler
FNDA:0,(anonymous_2)
DA:2,1
DA:3,1
DA:4,1
DA:6,1
DA:12,1
DA:13,1
DA:19,0
DA:20,0
DA:22,0
DA:25,0
DA:31,0
DA:32,0
LF:12
LH:6
BRDA:12,0,0,1
BRDA:19,1,0,0
BRDA:20,2,0,0
BRDA:20,2,1,0
BRF:4
BRH:1
end_of_record
TN:
SF:src/shared/errors.ts
FN:7,(anonymous_0)
FN:20,(anonymous_1)
FN:26,(anonymous_2)
FN:32,(anonymous_3)
FN:38,(anonymous_4)
FN:44,(anonymous_5)
FN:51,(anonymous_6)
FN:57,(anonymous_7)
FN:63,(anonymous_8)
FNF:9
FNH:7
FNDA:12,(anonymous_0)
FNDA:9,(anonymous_1)
FNDA:0,(anonymous_2)
FNDA:0,(anonymous_3)
FNDA:2,(anonymous_4)
FNDA:1,(anonymous_5)
FNDA:6,(anonymous_6)
FNDA:2,(anonymous_7)
FNDA:3,(anonymous_8)
DA:6,4
DA:9,12
DA:10,12
DA:11,12
DA:13,12
DA:14,12
DA:15,12
DA:19,4
DA:21,9
DA:25,4
DA:27,0
DA:31,4
DA:33,0
DA:37,4
DA:39,2
DA:43,4
DA:45,1
DA:50,4
DA:52,6
DA:56,4
DA:58,2
DA:62,4
DA:64,3
LF:23
LH:21
BRDA:11,0,0,12
BRDA:20,1,0,0
BRDA:26,2,0,0
BRDA:26,3,0,0
BRDA:32,4,0,0
BRDA:32,5,0,0
BRDA:38,6,0,0
BRDA:44,7,0,1
BRDA:51,8,0,6
BRF:9
BRH:3
end_of_record
TN:
SF:src/shared/logger.ts
FNF:0
FNH:0
DA:1,2
DA:3,2
DA:5,2
DA:19,2
DA:20,2
DA:30,2
LF:6
LH:6
BRDA:3,0,0,2
BRDA:3,0,1,2
BRDA:19,1,0,2
BRF:3
BRH:3
end_of_record
